mkdir: cannot create directory ‘/scratch/avrilh/roh_param_project/roh_inference_testing/simulated/data/01_slim/output/slim_m5e-07_r1e-8_p500/slim_output_fasta_files’: No such file or directory

The following have been reloaded with a version change:
  1) gcc/4.8.5 => gcc/9.3.0


The following have been reloaded with a version change:
  1) gcc/9.3.0 => gcc/4.8.5

ls: cannot access i*.vcf.gz: No such file or directory
Lines   total/split/realigned/skipped:	318510/1094/0/0
REF/ALT total/modified/added:  	319605/20/23
# SC, guessed strand convention
SC	TOP-compatible	0
SC	BOT-compatible	0
# ST, substitution types
ST	A>C	26563	8.3%
ST	A>G	26575	8.3%
ST	A>T	26757	8.4%
ST	C>A	26507	8.3%
ST	C>G	26754	8.4%
ST	C>T	26555	8.3%
ST	G>A	26391	8.3%
ST	G>C	26546	8.3%
ST	G>T	26916	8.4%
ST	T>A	26454	8.3%
ST	T>C	26640	8.3%
ST	T>G	26661	8.3%
# NS, Number of sites:
NS	total        	319605
NS	ref match    	319319	100.0%
NS	ref mismatch 	0	0.0%
NS	errors       	0
NS	skipped      	286
NS	non-ACGT     	0
NS	non-SNP      	286
NS	non-biallelic	0
Failed to create /scratch/avrilh/roh_param_project/roh_inference_testing/simulated/data/01_slim/output/slim_m5e-07_r1e-8_p500/slim_output_fasta_files/i147_1.fasta: No such file or directory
Failed to create /scratch/avrilh/roh_param_project/roh_inference_testing/simulated/data/01_slim/output/slim_m5e-07_r1e-8_p500/slim_output_fasta_files/i147_2.fasta: No such file or directory
Lines   total/split/realigned/skipped:	318510/1094/0/0
REF/ALT total/modified/added:  	319605/20/23
# SC, guessed strand convention
SC	TOP-compatible	0
SC	BOT-compatible	0
# ST, substitution types
ST	A>C	26563	8.3%
ST	A>G	26575	8.3%
ST	A>T	26757	8.4%
ST	C>A	26507	8.3%
ST	C>G	26754	8.4%
ST	C>T	26555	8.3%
ST	G>A	26391	8.3%
ST	G>C	26546	8.3%
ST	G>T	26916	8.4%
ST	T>A	26454	8.3%
ST	T>C	26640	8.3%
ST	T>G	26661	8.3%
# NS, Number of sites:
NS	total        	319605
NS	ref match    	319319	100.0%
NS	ref mismatch 	0	0.0%
NS	errors       	0
NS	skipped      	286
NS	non-ACGT     	0
NS	non-SNP      	286
NS	non-biallelic	0
Failed to create /scratch/avrilh/roh_param_project/roh_inference_testing/simulated/data/01_slim/output/slim_m5e-07_r1e-8_p500/slim_output_fasta_files/i28_1.fasta: No such file or directory
Failed to create /scratch/avrilh/roh_param_project/roh_inference_testing/simulated/data/01_slim/output/slim_m5e-07_r1e-8_p500/slim_output_fasta_files/i28_2.fasta: No such file or directory
Lines   total/split/realigned/skipped:	318510/1094/0/0
REF/ALT total/modified/added:  	319605/20/23
# SC, guessed strand convention
SC	TOP-compatible	0
SC	BOT-compatible	0
# ST, substitution types
ST	A>C	26563	8.3%
ST	A>G	26575	8.3%
ST	A>T	26757	8.4%
ST	C>A	26507	8.3%
ST	C>G	26754	8.4%
ST	C>T	26555	8.3%
ST	G>A	26391	8.3%
ST	G>C	26546	8.3%
ST	G>T	26916	8.4%
ST	T>A	26454	8.3%
ST	T>C	26640	8.3%
ST	T>G	26661	8.3%
# NS, Number of sites:
NS	total        	319605
NS	ref match    	319319	100.0%
NS	ref mismatch 	0	0.0%
NS	errors       	0
NS	skipped      	286
NS	non-ACGT     	0
NS	non-SNP      	286
NS	non-biallelic	0
Failed to create /scratch/avrilh/roh_param_project/roh_inference_testing/simulated/data/01_slim/output/slim_m5e-07_r1e-8_p500/slim_output_fasta_files/i26_1.fasta: No such file or directory
Failed to create /scratch/avrilh/roh_param_project/roh_inference_testing/simulated/data/01_slim/output/slim_m5e-07_r1e-8_p500/slim_output_fasta_files/i26_2.fasta: No such file or directory
Lines   total/split/realigned/skipped:	318510/1094/0/0
REF/ALT total/modified/added:  	319605/20/23
# SC, guessed strand convention
SC	TOP-compatible	0
SC	BOT-compatible	0
# ST, substitution types
ST	A>C	26563	8.3%
ST	A>G	26575	8.3%
ST	A>T	26757	8.4%
ST	C>A	26507	8.3%
ST	C>G	26754	8.4%
ST	C>T	26555	8.3%
ST	G>A	26391	8.3%
ST	G>C	26546	8.3%
ST	G>T	26916	8.4%
ST	T>A	26454	8.3%
ST	T>C	26640	8.3%
ST	T>G	26661	8.3%
# NS, Number of sites:
NS	total        	319605
NS	ref match    	319319	100.0%
NS	ref mismatch 	0	0.0%
NS	errors       	0
NS	skipped      	286
NS	non-ACGT     	0
NS	non-SNP      	286
NS	non-biallelic	0
Failed to create /scratch/avrilh/roh_param_project/roh_inference_testing/simulated/data/01_slim/output/slim_m5e-07_r1e-8_p500/slim_output_fasta_files/i263_1.fasta: No such file or directory
Failed to create /scratch/avrilh/roh_param_project/roh_inference_testing/simulated/data/01_slim/output/slim_m5e-07_r1e-8_p500/slim_output_fasta_files/i263_2.fasta: No such file or directory
Lines   total/split/realigned/skipped:	318510/1094/0/0
REF/ALT total/modified/added:  	319605/20/23
# SC, guessed strand convention
SC	TOP-compatible	0
SC	BOT-compatible	0
# ST, substitution types
ST	A>C	26563	8.3%
ST	A>G	26575	8.3%
ST	A>T	26757	8.4%
ST	C>A	26507	8.3%
ST	C>G	26754	8.4%
ST	C>T	26555	8.3%
ST	G>A	26391	8.3%
ST	G>C	26546	8.3%
ST	G>T	26916	8.4%
ST	T>A	26454	8.3%
ST	T>C	26640	8.3%
ST	T>G	26661	8.3%
# NS, Number of sites:
NS	total        	319605
NS	ref match    	319319	100.0%
NS	ref mismatch 	0	0.0%
NS	errors       	0
NS	skipped      	286
NS	non-ACGT     	0
NS	non-SNP      	286
NS	non-biallelic	0
Failed to create /scratch/avrilh/roh_param_project/roh_inference_testing/simulated/data/01_slim/output/slim_m5e-07_r1e-8_p500/slim_output_fasta_files/i328_1.fasta: No such file or directory
Failed to create /scratch/avrilh/roh_param_project/roh_inference_testing/simulated/data/01_slim/output/slim_m5e-07_r1e-8_p500/slim_output_fasta_files/i328_2.fasta: No such file or directory
Lines   total/split/realigned/skipped:	318510/1094/0/0
REF/ALT total/modified/added:  	319605/20/23
# SC, guessed strand convention
SC	TOP-compatible	0
SC	BOT-compatible	0
# ST, substitution types
ST	A>C	26563	8.3%
ST	A>G	26575	8.3%
ST	A>T	26757	8.4%
ST	C>A	26507	8.3%
ST	C>G	26754	8.4%
ST	C>T	26555	8.3%
ST	G>A	26391	8.3%
ST	G>C	26546	8.3%
ST	G>T	26916	8.4%
ST	T>A	26454	8.3%
ST	T>C	26640	8.3%
ST	T>G	26661	8.3%
# NS, Number of sites:
NS	total        	319605
NS	ref match    	319319	100.0%
NS	ref mismatch 	0	0.0%
NS	errors       	0
NS	skipped      	286
NS	non-ACGT     	0
NS	non-SNP      	286
NS	non-biallelic	0
Failed to create /scratch/avrilh/roh_param_project/roh_inference_testing/simulated/data/01_slim/output/slim_m5e-07_r1e-8_p500/slim_output_fasta_files/i358_1.fasta: No such file or directory
Failed to create /scratch/avrilh/roh_param_project/roh_inference_testing/simulated/data/01_slim/output/slim_m5e-07_r1e-8_p500/slim_output_fasta_files/i358_2.fasta: No such file or directory
Lines   total/split/realigned/skipped:	318510/1094/0/0
REF/ALT total/modified/added:  	319605/20/23
# SC, guessed strand convention
SC	TOP-compatible	0
SC	BOT-compatible	0
# ST, substitution types
ST	A>C	26563	8.3%
ST	A>G	26575	8.3%
ST	A>T	26757	8.4%
ST	C>A	26507	8.3%
ST	C>G	26754	8.4%
ST	C>T	26555	8.3%
ST	G>A	26391	8.3%
ST	G>C	26546	8.3%
ST	G>T	26916	8.4%
ST	T>A	26454	8.3%
ST	T>C	26640	8.3%
ST	T>G	26661	8.3%
# NS, Number of sites:
NS	total        	319605
NS	ref match    	319319	100.0%
NS	ref mismatch 	0	0.0%
NS	errors       	0
NS	skipped      	286
NS	non-ACGT     	0
NS	non-SNP      	286
NS	non-biallelic	0
Failed to create /scratch/avrilh/roh_param_project/roh_inference_testing/simulated/data/01_slim/output/slim_m5e-07_r1e-8_p500/slim_output_fasta_files/i57_1.fasta: No such file or directory
Failed to create /scratch/avrilh/roh_param_project/roh_inference_testing/simulated/data/01_slim/output/slim_m5e-07_r1e-8_p500/slim_output_fasta_files/i57_2.fasta: No such file or directory
Lines   total/split/realigned/skipped:	318510/1094/0/0
REF/ALT total/modified/added:  	319605/20/23
# SC, guessed strand convention
SC	TOP-compatible	0
SC	BOT-compatible	0
# ST, substitution types
ST	A>C	26563	8.3%
ST	A>G	26575	8.3%
ST	A>T	26757	8.4%
ST	C>A	26507	8.3%
ST	C>G	26754	8.4%
ST	C>T	26555	8.3%
ST	G>A	26391	8.3%
ST	G>C	26546	8.3%
ST	G>T	26916	8.4%
ST	T>A	26454	8.3%
ST	T>C	26640	8.3%
ST	T>G	26661	8.3%
# NS, Number of sites:
NS	total        	319605
NS	ref match    	319319	100.0%
NS	ref mismatch 	0	0.0%
NS	errors       	0
NS	skipped      	286
NS	non-ACGT     	0
NS	non-SNP      	286
NS	non-biallelic	0
Failed to create /scratch/avrilh/roh_param_project/roh_inference_testing/simulated/data/01_slim/output/slim_m5e-07_r1e-8_p500/slim_output_fasta_files/i404_1.fasta: No such file or directory
Failed to create /scratch/avrilh/roh_param_project/roh_inference_testing/simulated/data/01_slim/output/slim_m5e-07_r1e-8_p500/slim_output_fasta_files/i404_2.fasta: No such file or directory
Lines   total/split/realigned/skipped:	318510/1094/0/0
REF/ALT total/modified/added:  	319605/20/23
# SC, guessed strand convention
SC	TOP-compatible	0
SC	BOT-compatible	0
# ST, substitution types
ST	A>C	26563	8.3%
ST	A>G	26575	8.3%
ST	A>T	26757	8.4%
ST	C>A	26507	8.3%
ST	C>G	26754	8.4%
ST	C>T	26555	8.3%
ST	G>A	26391	8.3%
ST	G>C	26546	8.3%
ST	G>T	26916	8.4%
ST	T>A	26454	8.3%
ST	T>C	26640	8.3%
ST	T>G	26661	8.3%
# NS, Number of sites:
NS	total        	319605
NS	ref match    	319319	100.0%
NS	ref mismatch 	0	0.0%
NS	errors       	0
NS	skipped      	286
NS	non-ACGT     	0
NS	non-SNP      	286
NS	non-biallelic	0
Failed to create /scratch/avrilh/roh_param_project/roh_inference_testing/simulated/data/01_slim/output/slim_m5e-07_r1e-8_p500/slim_output_fasta_files/i106_1.fasta: No such file or directory
Failed to create /scratch/avrilh/roh_param_project/roh_inference_testing/simulated/data/01_slim/output/slim_m5e-07_r1e-8_p500/slim_output_fasta_files/i106_2.fasta: No such file or directory
Lines   total/split/realigned/skipped:	318510/1094/0/0
REF/ALT total/modified/added:  	319605/20/23
# SC, guessed strand convention
SC	TOP-compatible	0
SC	BOT-compatible	0
# ST, substitution types
ST	A>C	26563	8.3%
ST	A>G	26575	8.3%
ST	A>T	26757	8.4%
ST	C>A	26507	8.3%
ST	C>G	26754	8.4%
ST	C>T	26555	8.3%
ST	G>A	26391	8.3%
ST	G>C	26546	8.3%
ST	G>T	26916	8.4%
ST	T>A	26454	8.3%
ST	T>C	26640	8.3%
ST	T>G	26661	8.3%
# NS, Number of sites:
NS	total        	319605
NS	ref match    	319319	100.0%
NS	ref mismatch 	0	0.0%
NS	errors       	0
NS	skipped      	286
NS	non-ACGT     	0
NS	non-SNP      	286
NS	non-biallelic	0
Failed to create /scratch/avrilh/roh_param_project/roh_inference_testing/simulated/data/01_slim/output/slim_m5e-07_r1e-8_p500/slim_output_fasta_files/i184_1.fasta: No such file or directory
Failed to create /scratch/avrilh/roh_param_project/roh_inference_testing/simulated/data/01_slim/output/slim_m5e-07_r1e-8_p500/slim_output_fasta_files/i184_2.fasta: No such file or directory
Lines   total/split/realigned/skipped:	318510/1094/0/0
REF/ALT total/modified/added:  	319605/20/23
# SC, guessed strand convention
SC	TOP-compatible	0
SC	BOT-compatible	0
# ST, substitution types
ST	A>C	26563	8.3%
ST	A>G	26575	8.3%
ST	A>T	26757	8.4%
ST	C>A	26507	8.3%
ST	C>G	26754	8.4%
ST	C>T	26555	8.3%
ST	G>A	26391	8.3%
ST	G>C	26546	8.3%
ST	G>T	26916	8.4%
ST	T>A	26454	8.3%
ST	T>C	26640	8.3%
ST	T>G	26661	8.3%
# NS, Number of sites:
NS	total        	319605
NS	ref match    	319319	100.0%
NS	ref mismatch 	0	0.0%
NS	errors       	0
NS	skipped      	286
NS	non-ACGT     	0
NS	non-SNP      	286
NS	non-biallelic	0
Failed to create /scratch/avrilh/roh_param_project/roh_inference_testing/simulated/data/01_slim/output/slim_m5e-07_r1e-8_p500/slim_output_fasta_files/i492_1.fasta: No such file or directory
Failed to create /scratch/avrilh/roh_param_project/roh_inference_testing/simulated/data/01_slim/output/slim_m5e-07_r1e-8_p500/slim_output_fasta_files/i492_2.fasta: No such file or directory
Lines   total/split/realigned/skipped:	318510/1094/0/0
REF/ALT total/modified/added:  	319605/20/23
# SC, guessed strand convention
SC	TOP-compatible	0
SC	BOT-compatible	0
# ST, substitution types
ST	A>C	26563	8.3%
ST	A>G	26575	8.3%
ST	A>T	26757	8.4%
ST	C>A	26507	8.3%
ST	C>G	26754	8.4%
ST	C>T	26555	8.3%
ST	G>A	26391	8.3%
ST	G>C	26546	8.3%
ST	G>T	26916	8.4%
ST	T>A	26454	8.3%
ST	T>C	26640	8.3%
ST	T>G	26661	8.3%
# NS, Number of sites:
NS	total        	319605
NS	ref match    	319319	100.0%
NS	ref mismatch 	0	0.0%
NS	errors       	0
NS	skipped      	286
NS	non-ACGT     	0
NS	non-SNP      	286
NS	non-biallelic	0
Failed to create /scratch/avrilh/roh_param_project/roh_inference_testing/simulated/data/01_slim/output/slim_m5e-07_r1e-8_p500/slim_output_fasta_files/i71_1.fasta: No such file or directory
Failed to create /scratch/avrilh/roh_param_project/roh_inference_testing/simulated/data/01_slim/output/slim_m5e-07_r1e-8_p500/slim_output_fasta_files/i71_2.fasta: No such file or directory
Lines   total/split/realigned/skipped:	318510/1094/0/0
REF/ALT total/modified/added:  	319605/20/23
# SC, guessed strand convention
SC	TOP-compatible	0
SC	BOT-compatible	0
# ST, substitution types
ST	A>C	26563	8.3%
ST	A>G	26575	8.3%
ST	A>T	26757	8.4%
ST	C>A	26507	8.3%
ST	C>G	26754	8.4%
ST	C>T	26555	8.3%
ST	G>A	26391	8.3%
ST	G>C	26546	8.3%
ST	G>T	26916	8.4%
ST	T>A	26454	8.3%
ST	T>C	26640	8.3%
ST	T>G	26661	8.3%
# NS, Number of sites:
NS	total        	319605
NS	ref match    	319319	100.0%
NS	ref mismatch 	0	0.0%
NS	errors       	0
NS	skipped      	286
NS	non-ACGT     	0
NS	non-SNP      	286
NS	non-biallelic	0
Failed to create /scratch/avrilh/roh_param_project/roh_inference_testing/simulated/data/01_slim/output/slim_m5e-07_r1e-8_p500/slim_output_fasta_files/i487_1.fasta: No such file or directory
Failed to create /scratch/avrilh/roh_param_project/roh_inference_testing/simulated/data/01_slim/output/slim_m5e-07_r1e-8_p500/slim_output_fasta_files/i487_2.fasta: No such file or directory
Lines   total/split/realigned/skipped:	318510/1094/0/0
REF/ALT total/modified/added:  	319605/20/23
# SC, guessed strand convention
SC	TOP-compatible	0
SC	BOT-compatible	0
# ST, substitution types
ST	A>C	26563	8.3%
ST	A>G	26575	8.3%
ST	A>T	26757	8.4%
ST	C>A	26507	8.3%
ST	C>G	26754	8.4%
ST	C>T	26555	8.3%
ST	G>A	26391	8.3%
ST	G>C	26546	8.3%
ST	G>T	26916	8.4%
ST	T>A	26454	8.3%
ST	T>C	26640	8.3%
ST	T>G	26661	8.3%
# NS, Number of sites:
NS	total        	319605
NS	ref match    	319319	100.0%
NS	ref mismatch 	0	0.0%
NS	errors       	0
NS	skipped      	286
NS	non-ACGT     	0
NS	non-SNP      	286
NS	non-biallelic	0
Failed to create /scratch/avrilh/roh_param_project/roh_inference_testing/simulated/data/01_slim/output/slim_m5e-07_r1e-8_p500/slim_output_fasta_files/i467_1.fasta: No such file or directory
Failed to create /scratch/avrilh/roh_param_project/roh_inference_testing/simulated/data/01_slim/output/slim_m5e-07_r1e-8_p500/slim_output_fasta_files/i467_2.fasta: No such file or directory
Lines   total/split/realigned/skipped:	318510/1094/0/0
REF/ALT total/modified/added:  	319605/20/23
# SC, guessed strand convention
SC	TOP-compatible	0
SC	BOT-compatible	0
# ST, substitution types
ST	A>C	26563	8.3%
ST	A>G	26575	8.3%
ST	A>T	26757	8.4%
ST	C>A	26507	8.3%
ST	C>G	26754	8.4%
ST	C>T	26555	8.3%
ST	G>A	26391	8.3%
ST	G>C	26546	8.3%
ST	G>T	26916	8.4%
ST	T>A	26454	8.3%
ST	T>C	26640	8.3%
ST	T>G	26661	8.3%
# NS, Number of sites:
NS	total        	319605
NS	ref match    	319319	100.0%
NS	ref mismatch 	0	0.0%
NS	errors       	0
NS	skipped      	286
NS	non-ACGT     	0
NS	non-SNP      	286
NS	non-biallelic	0
Failed to create /scratch/avrilh/roh_param_project/roh_inference_testing/simulated/data/01_slim/output/slim_m5e-07_r1e-8_p500/slim_output_fasta_files/i151_1.fasta: No such file or directory
Failed to create /scratch/avrilh/roh_param_project/roh_inference_testing/simulated/data/01_slim/output/slim_m5e-07_r1e-8_p500/slim_output_fasta_files/i151_2.fasta: No such file or directory
Lines   total/split/realigned/skipped:	318510/1094/0/0
REF/ALT total/modified/added:  	319605/20/23
# SC, guessed strand convention
SC	TOP-compatible	0
SC	BOT-compatible	0
# ST, substitution types
ST	A>C	26563	8.3%
ST	A>G	26575	8.3%
ST	A>T	26757	8.4%
ST	C>A	26507	8.3%
ST	C>G	26754	8.4%
ST	C>T	26555	8.3%
ST	G>A	26391	8.3%
ST	G>C	26546	8.3%
ST	G>T	26916	8.4%
ST	T>A	26454	8.3%
ST	T>C	26640	8.3%
ST	T>G	26661	8.3%
# NS, Number of sites:
NS	total        	319605
NS	ref match    	319319	100.0%
NS	ref mismatch 	0	0.0%
NS	errors       	0
NS	skipped      	286
NS	non-ACGT     	0
NS	non-SNP      	286
NS	non-biallelic	0
Failed to create /scratch/avrilh/roh_param_project/roh_inference_testing/simulated/data/01_slim/output/slim_m5e-07_r1e-8_p500/slim_output_fasta_files/i381_1.fasta: No such file or directory
Failed to create /scratch/avrilh/roh_param_project/roh_inference_testing/simulated/data/01_slim/output/slim_m5e-07_r1e-8_p500/slim_output_fasta_files/i381_2.fasta: No such file or directory
Lines   total/split/realigned/skipped:	318510/1094/0/0
REF/ALT total/modified/added:  	319605/20/23
# SC, guessed strand convention
SC	TOP-compatible	0
SC	BOT-compatible	0
# ST, substitution types
ST	A>C	26563	8.3%
ST	A>G	26575	8.3%
ST	A>T	26757	8.4%
ST	C>A	26507	8.3%
ST	C>G	26754	8.4%
ST	C>T	26555	8.3%
ST	G>A	26391	8.3%
ST	G>C	26546	8.3%
ST	G>T	26916	8.4%
ST	T>A	26454	8.3%
ST	T>C	26640	8.3%
ST	T>G	26661	8.3%
# NS, Number of sites:
NS	total        	319605
NS	ref match    	319319	100.0%
NS	ref mismatch 	0	0.0%
NS	errors       	0
NS	skipped      	286
NS	non-ACGT     	0
NS	non-SNP      	286
NS	non-biallelic	0
Failed to create /scratch/avrilh/roh_param_project/roh_inference_testing/simulated/data/01_slim/output/slim_m5e-07_r1e-8_p500/slim_output_fasta_files/i472_1.fasta: No such file or directory
Failed to create /scratch/avrilh/roh_param_project/roh_inference_testing/simulated/data/01_slim/output/slim_m5e-07_r1e-8_p500/slim_output_fasta_files/i472_2.fasta: No such file or directory
Lines   total/split/realigned/skipped:	318510/1094/0/0
REF/ALT total/modified/added:  	319605/20/23
# SC, guessed strand convention
SC	TOP-compatible	0
SC	BOT-compatible	0
# ST, substitution types
ST	A>C	26563	8.3%
ST	A>G	26575	8.3%
ST	A>T	26757	8.4%
ST	C>A	26507	8.3%
ST	C>G	26754	8.4%
ST	C>T	26555	8.3%
ST	G>A	26391	8.3%
ST	G>C	26546	8.3%
ST	G>T	26916	8.4%
ST	T>A	26454	8.3%
ST	T>C	26640	8.3%
ST	T>G	26661	8.3%
# NS, Number of sites:
NS	total        	319605
NS	ref match    	319319	100.0%
NS	ref mismatch 	0	0.0%
NS	errors       	0
NS	skipped      	286
NS	non-ACGT     	0
NS	non-SNP      	286
NS	non-biallelic	0
Failed to create /scratch/avrilh/roh_param_project/roh_inference_testing/simulated/data/01_slim/output/slim_m5e-07_r1e-8_p500/slim_output_fasta_files/i212_1.fasta: No such file or directory
Failed to create /scratch/avrilh/roh_param_project/roh_inference_testing/simulated/data/01_slim/output/slim_m5e-07_r1e-8_p500/slim_output_fasta_files/i212_2.fasta: No such file or directory
Lines   total/split/realigned/skipped:	318510/1094/0/0
REF/ALT total/modified/added:  	319605/20/23
# SC, guessed strand convention
SC	TOP-compatible	0
SC	BOT-compatible	0
# ST, substitution types
ST	A>C	26563	8.3%
ST	A>G	26575	8.3%
ST	A>T	26757	8.4%
ST	C>A	26507	8.3%
ST	C>G	26754	8.4%
ST	C>T	26555	8.3%
ST	G>A	26391	8.3%
ST	G>C	26546	8.3%
ST	G>T	26916	8.4%
ST	T>A	26454	8.3%
ST	T>C	26640	8.3%
ST	T>G	26661	8.3%
# NS, Number of sites:
NS	total        	319605
NS	ref match    	319319	100.0%
NS	ref mismatch 	0	0.0%
NS	errors       	0
NS	skipped      	286
NS	non-ACGT     	0
NS	non-SNP      	286
NS	non-biallelic	0
Failed to create /scratch/avrilh/roh_param_project/roh_inference_testing/simulated/data/01_slim/output/slim_m5e-07_r1e-8_p500/slim_output_fasta_files/i290_1.fasta: No such file or directory
Failed to create /scratch/avrilh/roh_param_project/roh_inference_testing/simulated/data/01_slim/output/slim_m5e-07_r1e-8_p500/slim_output_fasta_files/i290_2.fasta: No such file or directory
Lines   total/split/realigned/skipped:	318510/1094/0/0
REF/ALT total/modified/added:  	319605/20/23
# SC, guessed strand convention
SC	TOP-compatible	0
SC	BOT-compatible	0
# ST, substitution types
ST	A>C	26563	8.3%
ST	A>G	26575	8.3%
ST	A>T	26757	8.4%
ST	C>A	26507	8.3%
ST	C>G	26754	8.4%
ST	C>T	26555	8.3%
ST	G>A	26391	8.3%
ST	G>C	26546	8.3%
ST	G>T	26916	8.4%
ST	T>A	26454	8.3%
ST	T>C	26640	8.3%
ST	T>G	26661	8.3%
# NS, Number of sites:
NS	total        	319605
NS	ref match    	319319	100.0%
NS	ref mismatch 	0	0.0%
NS	errors       	0
NS	skipped      	286
NS	non-ACGT     	0
NS	non-SNP      	286
NS	non-biallelic	0
Failed to create /scratch/avrilh/roh_param_project/roh_inference_testing/simulated/data/01_slim/output/slim_m5e-07_r1e-8_p500/slim_output_fasta_files/i357_1.fasta: No such file or directory
Failed to create /scratch/avrilh/roh_param_project/roh_inference_testing/simulated/data/01_slim/output/slim_m5e-07_r1e-8_p500/slim_output_fasta_files/i357_2.fasta: No such file or directory
Lines   total/split/realigned/skipped:	318510/1094/0/0
REF/ALT total/modified/added:  	319605/20/23
# SC, guessed strand convention
SC	TOP-compatible	0
SC	BOT-compatible	0
# ST, substitution types
ST	A>C	26563	8.3%
ST	A>G	26575	8.3%
ST	A>T	26757	8.4%
ST	C>A	26507	8.3%
ST	C>G	26754	8.4%
ST	C>T	26555	8.3%
ST	G>A	26391	8.3%
ST	G>C	26546	8.3%
ST	G>T	26916	8.4%
ST	T>A	26454	8.3%
ST	T>C	26640	8.3%
ST	T>G	26661	8.3%
# NS, Number of sites:
NS	total        	319605
NS	ref match    	319319	100.0%
NS	ref mismatch 	0	0.0%
NS	errors       	0
NS	skipped      	286
NS	non-ACGT     	0
NS	non-SNP      	286
NS	non-biallelic	0
Failed to create /scratch/avrilh/roh_param_project/roh_inference_testing/simulated/data/01_slim/output/slim_m5e-07_r1e-8_p500/slim_output_fasta_files/i181_1.fasta: No such file or directory
Failed to create /scratch/avrilh/roh_param_project/roh_inference_testing/simulated/data/01_slim/output/slim_m5e-07_r1e-8_p500/slim_output_fasta_files/i181_2.fasta: No such file or directory
Lines   total/split/realigned/skipped:	318510/1094/0/0
REF/ALT total/modified/added:  	319605/20/23
# SC, guessed strand convention
SC	TOP-compatible	0
SC	BOT-compatible	0
# ST, substitution types
ST	A>C	26563	8.3%
ST	A>G	26575	8.3%
ST	A>T	26757	8.4%
ST	C>A	26507	8.3%
ST	C>G	26754	8.4%
ST	C>T	26555	8.3%
ST	G>A	26391	8.3%
ST	G>C	26546	8.3%
ST	G>T	26916	8.4%
ST	T>A	26454	8.3%
ST	T>C	26640	8.3%
ST	T>G	26661	8.3%
# NS, Number of sites:
NS	total        	319605
NS	ref match    	319319	100.0%
NS	ref mismatch 	0	0.0%
NS	errors       	0
NS	skipped      	286
NS	non-ACGT     	0
NS	non-SNP      	286
NS	non-biallelic	0
Failed to create /scratch/avrilh/roh_param_project/roh_inference_testing/simulated/data/01_slim/output/slim_m5e-07_r1e-8_p500/slim_output_fasta_files/i15_1.fasta: No such file or directory
Failed to create /scratch/avrilh/roh_param_project/roh_inference_testing/simulated/data/01_slim/output/slim_m5e-07_r1e-8_p500/slim_output_fasta_files/i15_2.fasta: No such file or directory
Lines   total/split/realigned/skipped:	318510/1094/0/0
REF/ALT total/modified/added:  	319605/20/23
# SC, guessed strand convention
SC	TOP-compatible	0
SC	BOT-compatible	0
# ST, substitution types
ST	A>C	26563	8.3%
ST	A>G	26575	8.3%
ST	A>T	26757	8.4%
ST	C>A	26507	8.3%
ST	C>G	26754	8.4%
ST	C>T	26555	8.3%
ST	G>A	26391	8.3%
ST	G>C	26546	8.3%
ST	G>T	26916	8.4%
ST	T>A	26454	8.3%
ST	T>C	26640	8.3%
ST	T>G	26661	8.3%
# NS, Number of sites:
NS	total        	319605
NS	ref match    	319319	100.0%
NS	ref mismatch 	0	0.0%
NS	errors       	0
NS	skipped      	286
NS	non-ACGT     	0
NS	non-SNP      	286
NS	non-biallelic	0
Failed to create /scratch/avrilh/roh_param_project/roh_inference_testing/simulated/data/01_slim/output/slim_m5e-07_r1e-8_p500/slim_output_fasta_files/i277_1.fasta: No such file or directory
Failed to create /scratch/avrilh/roh_param_project/roh_inference_testing/simulated/data/01_slim/output/slim_m5e-07_r1e-8_p500/slim_output_fasta_files/i277_2.fasta: No such file or directory
Lines   total/split/realigned/skipped:	318510/1094/0/0
REF/ALT total/modified/added:  	319605/20/23
# SC, guessed strand convention
SC	TOP-compatible	0
SC	BOT-compatible	0
# ST, substitution types
ST	A>C	26563	8.3%
ST	A>G	26575	8.3%
ST	A>T	26757	8.4%
ST	C>A	26507	8.3%
ST	C>G	26754	8.4%
ST	C>T	26555	8.3%
ST	G>A	26391	8.3%
ST	G>C	26546	8.3%
ST	G>T	26916	8.4%
ST	T>A	26454	8.3%
ST	T>C	26640	8.3%
ST	T>G	26661	8.3%
# NS, Number of sites:
NS	total        	319605
NS	ref match    	319319	100.0%
NS	ref mismatch 	0	0.0%
NS	errors       	0
NS	skipped      	286
NS	non-ACGT     	0
NS	non-SNP      	286
NS	non-biallelic	0
Failed to create /scratch/avrilh/roh_param_project/roh_inference_testing/simulated/data/01_slim/output/slim_m5e-07_r1e-8_p500/slim_output_fasta_files/i52_1.fasta: No such file or directory
Failed to create /scratch/avrilh/roh_param_project/roh_inference_testing/simulated/data/01_slim/output/slim_m5e-07_r1e-8_p500/slim_output_fasta_files/i52_2.fasta: No such file or directory
Lines   total/split/realigned/skipped:	318510/1094/0/0
REF/ALT total/modified/added:  	319605/20/23
# SC, guessed strand convention
SC	TOP-compatible	0
SC	BOT-compatible	0
# ST, substitution types
ST	A>C	26563	8.3%
ST	A>G	26575	8.3%
ST	A>T	26757	8.4%
ST	C>A	26507	8.3%
ST	C>G	26754	8.4%
ST	C>T	26555	8.3%
ST	G>A	26391	8.3%
ST	G>C	26546	8.3%
ST	G>T	26916	8.4%
ST	T>A	26454	8.3%
ST	T>C	26640	8.3%
ST	T>G	26661	8.3%
# NS, Number of sites:
NS	total        	319605
NS	ref match    	319319	100.0%
NS	ref mismatch 	0	0.0%
NS	errors       	0
NS	skipped      	286
NS	non-ACGT     	0
NS	non-SNP      	286
NS	non-biallelic	0
Failed to create /scratch/avrilh/roh_param_project/roh_inference_testing/simulated/data/01_slim/output/slim_m5e-07_r1e-8_p500/slim_output_fasta_files/i307_1.fasta: No such file or directory
Failed to create /scratch/avrilh/roh_param_project/roh_inference_testing/simulated/data/01_slim/output/slim_m5e-07_r1e-8_p500/slim_output_fasta_files/i307_2.fasta: No such file or directory
Lines   total/split/realigned/skipped:	318510/1094/0/0
REF/ALT total/modified/added:  	319605/20/23
# SC, guessed strand convention
SC	TOP-compatible	0
SC	BOT-compatible	0
# ST, substitution types
ST	A>C	26563	8.3%
ST	A>G	26575	8.3%
ST	A>T	26757	8.4%
ST	C>A	26507	8.3%
ST	C>G	26754	8.4%
ST	C>T	26555	8.3%
ST	G>A	26391	8.3%
ST	G>C	26546	8.3%
ST	G>T	26916	8.4%
ST	T>A	26454	8.3%
ST	T>C	26640	8.3%
ST	T>G	26661	8.3%
# NS, Number of sites:
NS	total        	319605
NS	ref match    	319319	100.0%
NS	ref mismatch 	0	0.0%
NS	errors       	0
NS	skipped      	286
NS	non-ACGT     	0
NS	non-SNP      	286
NS	non-biallelic	0
Failed to create /scratch/avrilh/roh_param_project/roh_inference_testing/simulated/data/01_slim/output/slim_m5e-07_r1e-8_p500/slim_output_fasta_files/i275_1.fasta: No such file or directory
Failed to create /scratch/avrilh/roh_param_project/roh_inference_testing/simulated/data/01_slim/output/slim_m5e-07_r1e-8_p500/slim_output_fasta_files/i275_2.fasta: No such file or directory
Lines   total/split/realigned/skipped:	318510/1094/0/0
REF/ALT total/modified/added:  	319605/20/23
# SC, guessed strand convention
SC	TOP-compatible	0
SC	BOT-compatible	0
# ST, substitution types
ST	A>C	26563	8.3%
ST	A>G	26575	8.3%
ST	A>T	26757	8.4%
ST	C>A	26507	8.3%
ST	C>G	26754	8.4%
ST	C>T	26555	8.3%
ST	G>A	26391	8.3%
ST	G>C	26546	8.3%
ST	G>T	26916	8.4%
ST	T>A	26454	8.3%
ST	T>C	26640	8.3%
ST	T>G	26661	8.3%
# NS, Number of sites:
NS	total        	319605
NS	ref match    	319319	100.0%
NS	ref mismatch 	0	0.0%
NS	errors       	0
NS	skipped      	286
NS	non-ACGT     	0
NS	non-SNP      	286
NS	non-biallelic	0
Failed to create /scratch/avrilh/roh_param_project/roh_inference_testing/simulated/data/01_slim/output/slim_m5e-07_r1e-8_p500/slim_output_fasta_files/i286_1.fasta: No such file or directory
Failed to create /scratch/avrilh/roh_param_project/roh_inference_testing/simulated/data/01_slim/output/slim_m5e-07_r1e-8_p500/slim_output_fasta_files/i286_2.fasta: No such file or directory
Lines   total/split/realigned/skipped:	318510/1094/0/0
REF/ALT total/modified/added:  	319605/20/23
# SC, guessed strand convention
SC	TOP-compatible	0
SC	BOT-compatible	0
# ST, substitution types
ST	A>C	26563	8.3%
ST	A>G	26575	8.3%
ST	A>T	26757	8.4%
ST	C>A	26507	8.3%
ST	C>G	26754	8.4%
ST	C>T	26555	8.3%
ST	G>A	26391	8.3%
ST	G>C	26546	8.3%
ST	G>T	26916	8.4%
ST	T>A	26454	8.3%
ST	T>C	26640	8.3%
ST	T>G	26661	8.3%
# NS, Number of sites:
NS	total        	319605
NS	ref match    	319319	100.0%
NS	ref mismatch 	0	0.0%
NS	errors       	0
NS	skipped      	286
NS	non-ACGT     	0
NS	non-SNP      	286
NS	non-biallelic	0
Failed to create /scratch/avrilh/roh_param_project/roh_inference_testing/simulated/data/01_slim/output/slim_m5e-07_r1e-8_p500/slim_output_fasta_files/i412_1.fasta: No such file or directory
Failed to create /scratch/avrilh/roh_param_project/roh_inference_testing/simulated/data/01_slim/output/slim_m5e-07_r1e-8_p500/slim_output_fasta_files/i412_2.fasta: No such file or directory
Lines   total/split/realigned/skipped:	318510/1094/0/0
REF/ALT total/modified/added:  	319605/20/23
# SC, guessed strand convention
SC	TOP-compatible	0
SC	BOT-compatible	0
# ST, substitution types
ST	A>C	26563	8.3%
ST	A>G	26575	8.3%
ST	A>T	26757	8.4%
ST	C>A	26507	8.3%
ST	C>G	26754	8.4%
ST	C>T	26555	8.3%
ST	G>A	26391	8.3%
ST	G>C	26546	8.3%
ST	G>T	26916	8.4%
ST	T>A	26454	8.3%
ST	T>C	26640	8.3%
ST	T>G	26661	8.3%
# NS, Number of sites:
NS	total        	319605
NS	ref match    	319319	100.0%
NS	ref mismatch 	0	0.0%
NS	errors       	0
NS	skipped      	286
NS	non-ACGT     	0
NS	non-SNP      	286
NS	non-biallelic	0
Failed to create /scratch/avrilh/roh_param_project/roh_inference_testing/simulated/data/01_slim/output/slim_m5e-07_r1e-8_p500/slim_output_fasta_files/i39_1.fasta: No such file or directory
Failed to create /scratch/avrilh/roh_param_project/roh_inference_testing/simulated/data/01_slim/output/slim_m5e-07_r1e-8_p500/slim_output_fasta_files/i39_2.fasta: No such file or directory
Lines   total/split/realigned/skipped:	318510/1094/0/0
REF/ALT total/modified/added:  	319605/20/23
# SC, guessed strand convention
SC	TOP-compatible	0
SC	BOT-compatible	0
# ST, substitution types
ST	A>C	26563	8.3%
ST	A>G	26575	8.3%
ST	A>T	26757	8.4%
ST	C>A	26507	8.3%
ST	C>G	26754	8.4%
ST	C>T	26555	8.3%
ST	G>A	26391	8.3%
ST	G>C	26546	8.3%
ST	G>T	26916	8.4%
ST	T>A	26454	8.3%
ST	T>C	26640	8.3%
ST	T>G	26661	8.3%
# NS, Number of sites:
NS	total        	319605
NS	ref match    	319319	100.0%
NS	ref mismatch 	0	0.0%
NS	errors       	0
NS	skipped      	286
NS	non-ACGT     	0
NS	non-SNP      	286
NS	non-biallelic	0
Failed to create /scratch/avrilh/roh_param_project/roh_inference_testing/simulated/data/01_slim/output/slim_m5e-07_r1e-8_p500/slim_output_fasta_files/i130_1.fasta: No such file or directory
Failed to create /scratch/avrilh/roh_param_project/roh_inference_testing/simulated/data/01_slim/output/slim_m5e-07_r1e-8_p500/slim_output_fasta_files/i130_2.fasta: No such file or directory
Lines   total/split/realigned/skipped:	318510/1094/0/0
REF/ALT total/modified/added:  	319605/20/23
# SC, guessed strand convention
SC	TOP-compatible	0
SC	BOT-compatible	0
# ST, substitution types
ST	A>C	26563	8.3%
ST	A>G	26575	8.3%
ST	A>T	26757	8.4%
ST	C>A	26507	8.3%
ST	C>G	26754	8.4%
ST	C>T	26555	8.3%
ST	G>A	26391	8.3%
ST	G>C	26546	8.3%
ST	G>T	26916	8.4%
ST	T>A	26454	8.3%
ST	T>C	26640	8.3%
ST	T>G	26661	8.3%
# NS, Number of sites:
NS	total        	319605
NS	ref match    	319319	100.0%
NS	ref mismatch 	0	0.0%
NS	errors       	0
NS	skipped      	286
NS	non-ACGT     	0
NS	non-SNP      	286
NS	non-biallelic	0
Failed to create /scratch/avrilh/roh_param_project/roh_inference_testing/simulated/data/01_slim/output/slim_m5e-07_r1e-8_p500/slim_output_fasta_files/i220_1.fasta: No such file or directory
Failed to create /scratch/avrilh/roh_param_project/roh_inference_testing/simulated/data/01_slim/output/slim_m5e-07_r1e-8_p500/slim_output_fasta_files/i220_2.fasta: No such file or directory
Lines   total/split/realigned/skipped:	318510/1094/0/0
REF/ALT total/modified/added:  	319605/20/23
# SC, guessed strand convention
SC	TOP-compatible	0
SC	BOT-compatible	0
# ST, substitution types
ST	A>C	26563	8.3%
ST	A>G	26575	8.3%
ST	A>T	26757	8.4%
ST	C>A	26507	8.3%
ST	C>G	26754	8.4%
ST	C>T	26555	8.3%
ST	G>A	26391	8.3%
ST	G>C	26546	8.3%
ST	G>T	26916	8.4%
ST	T>A	26454	8.3%
ST	T>C	26640	8.3%
ST	T>G	26661	8.3%
# NS, Number of sites:
NS	total        	319605
NS	ref match    	319319	100.0%
NS	ref mismatch 	0	0.0%
NS	errors       	0
NS	skipped      	286
NS	non-ACGT     	0
NS	non-SNP      	286
NS	non-biallelic	0
Failed to create /scratch/avrilh/roh_param_project/roh_inference_testing/simulated/data/01_slim/output/slim_m5e-07_r1e-8_p500/slim_output_fasta_files/i351_1.fasta: No such file or directory
Failed to create /scratch/avrilh/roh_param_project/roh_inference_testing/simulated/data/01_slim/output/slim_m5e-07_r1e-8_p500/slim_output_fasta_files/i351_2.fasta: No such file or directory
Lines   total/split/realigned/skipped:	318510/1094/0/0
REF/ALT total/modified/added:  	319605/20/23
# SC, guessed strand convention
SC	TOP-compatible	0
SC	BOT-compatible	0
# ST, substitution types
ST	A>C	26563	8.3%
ST	A>G	26575	8.3%
ST	A>T	26757	8.4%
ST	C>A	26507	8.3%
ST	C>G	26754	8.4%
ST	C>T	26555	8.3%
ST	G>A	26391	8.3%
ST	G>C	26546	8.3%
ST	G>T	26916	8.4%
ST	T>A	26454	8.3%
ST	T>C	26640	8.3%
ST	T>G	26661	8.3%
# NS, Number of sites:
NS	total        	319605
NS	ref match    	319319	100.0%
NS	ref mismatch 	0	0.0%
NS	errors       	0
NS	skipped      	286
NS	non-ACGT     	0
NS	non-SNP      	286
NS	non-biallelic	0
Failed to create /scratch/avrilh/roh_param_project/roh_inference_testing/simulated/data/01_slim/output/slim_m5e-07_r1e-8_p500/slim_output_fasta_files/i115_1.fasta: No such file or directory
Failed to create /scratch/avrilh/roh_param_project/roh_inference_testing/simulated/data/01_slim/output/slim_m5e-07_r1e-8_p500/slim_output_fasta_files/i115_2.fasta: No such file or directory
Lines   total/split/realigned/skipped:	318510/1094/0/0
REF/ALT total/modified/added:  	319605/20/23
# SC, guessed strand convention
SC	TOP-compatible	0
SC	BOT-compatible	0
# ST, substitution types
ST	A>C	26563	8.3%
ST	A>G	26575	8.3%
ST	A>T	26757	8.4%
ST	C>A	26507	8.3%
ST	C>G	26754	8.4%
ST	C>T	26555	8.3%
ST	G>A	26391	8.3%
ST	G>C	26546	8.3%
ST	G>T	26916	8.4%
ST	T>A	26454	8.3%
ST	T>C	26640	8.3%
ST	T>G	26661	8.3%
# NS, Number of sites:
NS	total        	319605
NS	ref match    	319319	100.0%
NS	ref mismatch 	0	0.0%
NS	errors       	0
NS	skipped      	286
NS	non-ACGT     	0
NS	non-SNP      	286
NS	non-biallelic	0
Failed to create /scratch/avrilh/roh_param_project/roh_inference_testing/simulated/data/01_slim/output/slim_m5e-07_r1e-8_p500/slim_output_fasta_files/i191_1.fasta: No such file or directory
Failed to create /scratch/avrilh/roh_param_project/roh_inference_testing/simulated/data/01_slim/output/slim_m5e-07_r1e-8_p500/slim_output_fasta_files/i191_2.fasta: No such file or directory
Lines   total/split/realigned/skipped:	318510/1094/0/0
REF/ALT total/modified/added:  	319605/20/23
# SC, guessed strand convention
SC	TOP-compatible	0
SC	BOT-compatible	0
# ST, substitution types
ST	A>C	26563	8.3%
ST	A>G	26575	8.3%
ST	A>T	26757	8.4%
ST	C>A	26507	8.3%
ST	C>G	26754	8.4%
ST	C>T	26555	8.3%
ST	G>A	26391	8.3%
ST	G>C	26546	8.3%
ST	G>T	26916	8.4%
ST	T>A	26454	8.3%
ST	T>C	26640	8.3%
ST	T>G	26661	8.3%
# NS, Number of sites:
NS	total        	319605
NS	ref match    	319319	100.0%
NS	ref mismatch 	0	0.0%
NS	errors       	0
NS	skipped      	286
NS	non-ACGT     	0
NS	non-SNP      	286
NS	non-biallelic	0
Failed to create /scratch/avrilh/roh_param_project/roh_inference_testing/simulated/data/01_slim/output/slim_m5e-07_r1e-8_p500/slim_output_fasta_files/i489_1.fasta: No such file or directory
Failed to create /scratch/avrilh/roh_param_project/roh_inference_testing/simulated/data/01_slim/output/slim_m5e-07_r1e-8_p500/slim_output_fasta_files/i489_2.fasta: No such file or directory
Lines   total/split/realigned/skipped:	318510/1094/0/0
REF/ALT total/modified/added:  	319605/20/23
# SC, guessed strand convention
SC	TOP-compatible	0
SC	BOT-compatible	0
# ST, substitution types
ST	A>C	26563	8.3%
ST	A>G	26575	8.3%
ST	A>T	26757	8.4%
ST	C>A	26507	8.3%
ST	C>G	26754	8.4%
ST	C>T	26555	8.3%
ST	G>A	26391	8.3%
ST	G>C	26546	8.3%
ST	G>T	26916	8.4%
ST	T>A	26454	8.3%
ST	T>C	26640	8.3%
ST	T>G	26661	8.3%
# NS, Number of sites:
NS	total        	319605
NS	ref match    	319319	100.0%
NS	ref mismatch 	0	0.0%
NS	errors       	0
NS	skipped      	286
NS	non-ACGT     	0
NS	non-SNP      	286
NS	non-biallelic	0
Failed to create /scratch/avrilh/roh_param_project/roh_inference_testing/simulated/data/01_slim/output/slim_m5e-07_r1e-8_p500/slim_output_fasta_files/i132_1.fasta: No such file or directory
Failed to create /scratch/avrilh/roh_param_project/roh_inference_testing/simulated/data/01_slim/output/slim_m5e-07_r1e-8_p500/slim_output_fasta_files/i132_2.fasta: No such file or directory
Lines   total/split/realigned/skipped:	318510/1094/0/0
REF/ALT total/modified/added:  	319605/20/23
# SC, guessed strand convention
SC	TOP-compatible	0
SC	BOT-compatible	0
# ST, substitution types
ST	A>C	26563	8.3%
ST	A>G	26575	8.3%
ST	A>T	26757	8.4%
ST	C>A	26507	8.3%
ST	C>G	26754	8.4%
ST	C>T	26555	8.3%
ST	G>A	26391	8.3%
ST	G>C	26546	8.3%
ST	G>T	26916	8.4%
ST	T>A	26454	8.3%
ST	T>C	26640	8.3%
ST	T>G	26661	8.3%
# NS, Number of sites:
NS	total        	319605
NS	ref match    	319319	100.0%
NS	ref mismatch 	0	0.0%
NS	errors       	0
NS	skipped      	286
NS	non-ACGT     	0
NS	non-SNP      	286
NS	non-biallelic	0
Failed to create /scratch/avrilh/roh_param_project/roh_inference_testing/simulated/data/01_slim/output/slim_m5e-07_r1e-8_p500/slim_output_fasta_files/i245_1.fasta: No such file or directory
Failed to create /scratch/avrilh/roh_param_project/roh_inference_testing/simulated/data/01_slim/output/slim_m5e-07_r1e-8_p500/slim_output_fasta_files/i245_2.fasta: No such file or directory
Lines   total/split/realigned/skipped:	318510/1094/0/0
REF/ALT total/modified/added:  	319605/20/23
# SC, guessed strand convention
SC	TOP-compatible	0
SC	BOT-compatible	0
# ST, substitution types
ST	A>C	26563	8.3%
ST	A>G	26575	8.3%
ST	A>T	26757	8.4%
ST	C>A	26507	8.3%
ST	C>G	26754	8.4%
ST	C>T	26555	8.3%
ST	G>A	26391	8.3%
ST	G>C	26546	8.3%
ST	G>T	26916	8.4%
ST	T>A	26454	8.3%
ST	T>C	26640	8.3%
ST	T>G	26661	8.3%
# NS, Number of sites:
NS	total        	319605
NS	ref match    	319319	100.0%
NS	ref mismatch 	0	0.0%
NS	errors       	0
NS	skipped      	286
NS	non-ACGT     	0
NS	non-SNP      	286
NS	non-biallelic	0
Failed to create /scratch/avrilh/roh_param_project/roh_inference_testing/simulated/data/01_slim/output/slim_m5e-07_r1e-8_p500/slim_output_fasta_files/i94_1.fasta: No such file or directory
Failed to create /scratch/avrilh/roh_param_project/roh_inference_testing/simulated/data/01_slim/output/slim_m5e-07_r1e-8_p500/slim_output_fasta_files/i94_2.fasta: No such file or directory
Lines   total/split/realigned/skipped:	318510/1094/0/0
REF/ALT total/modified/added:  	319605/20/23
# SC, guessed strand convention
SC	TOP-compatible	0
SC	BOT-compatible	0
# ST, substitution types
ST	A>C	26563	8.3%
ST	A>G	26575	8.3%
ST	A>T	26757	8.4%
ST	C>A	26507	8.3%
ST	C>G	26754	8.4%
ST	C>T	26555	8.3%
ST	G>A	26391	8.3%
ST	G>C	26546	8.3%
ST	G>T	26916	8.4%
ST	T>A	26454	8.3%
ST	T>C	26640	8.3%
ST	T>G	26661	8.3%
# NS, Number of sites:
NS	total        	319605
NS	ref match    	319319	100.0%
NS	ref mismatch 	0	0.0%
NS	errors       	0
NS	skipped      	286
NS	non-ACGT     	0
NS	non-SNP      	286
NS	non-biallelic	0
Failed to create /scratch/avrilh/roh_param_project/roh_inference_testing/simulated/data/01_slim/output/slim_m5e-07_r1e-8_p500/slim_output_fasta_files/i83_1.fasta: No such file or directory
Failed to create /scratch/avrilh/roh_param_project/roh_inference_testing/simulated/data/01_slim/output/slim_m5e-07_r1e-8_p500/slim_output_fasta_files/i83_2.fasta: No such file or directory
Lines   total/split/realigned/skipped:	318510/1094/0/0
REF/ALT total/modified/added:  	319605/20/23
# SC, guessed strand convention
SC	TOP-compatible	0
SC	BOT-compatible	0
# ST, substitution types
ST	A>C	26563	8.3%
ST	A>G	26575	8.3%
ST	A>T	26757	8.4%
ST	C>A	26507	8.3%
ST	C>G	26754	8.4%
ST	C>T	26555	8.3%
ST	G>A	26391	8.3%
ST	G>C	26546	8.3%
ST	G>T	26916	8.4%
ST	T>A	26454	8.3%
ST	T>C	26640	8.3%
ST	T>G	26661	8.3%
# NS, Number of sites:
NS	total        	319605
NS	ref match    	319319	100.0%
NS	ref mismatch 	0	0.0%
NS	errors       	0
NS	skipped      	286
NS	non-ACGT     	0
NS	non-SNP      	286
NS	non-biallelic	0
Failed to create /scratch/avrilh/roh_param_project/roh_inference_testing/simulated/data/01_slim/output/slim_m5e-07_r1e-8_p500/slim_output_fasta_files/i297_1.fasta: No such file or directory
Failed to create /scratch/avrilh/roh_param_project/roh_inference_testing/simulated/data/01_slim/output/slim_m5e-07_r1e-8_p500/slim_output_fasta_files/i297_2.fasta: No such file or directory
Lines   total/split/realigned/skipped:	318510/1094/0/0
REF/ALT total/modified/added:  	319605/20/23
# SC, guessed strand convention
SC	TOP-compatible	0
SC	BOT-compatible	0
# ST, substitution types
ST	A>C	26563	8.3%
ST	A>G	26575	8.3%
ST	A>T	26757	8.4%
ST	C>A	26507	8.3%
ST	C>G	26754	8.4%
ST	C>T	26555	8.3%
ST	G>A	26391	8.3%
ST	G>C	26546	8.3%
ST	G>T	26916	8.4%
ST	T>A	26454	8.3%
ST	T>C	26640	8.3%
ST	T>G	26661	8.3%
# NS, Number of sites:
NS	total        	319605
NS	ref match    	319319	100.0%
NS	ref mismatch 	0	0.0%
NS	errors       	0
NS	skipped      	286
NS	non-ACGT     	0
NS	non-SNP      	286
NS	non-biallelic	0
Failed to create /scratch/avrilh/roh_param_project/roh_inference_testing/simulated/data/01_slim/output/slim_m5e-07_r1e-8_p500/slim_output_fasta_files/i230_1.fasta: No such file or directory
Failed to create /scratch/avrilh/roh_param_project/roh_inference_testing/simulated/data/01_slim/output/slim_m5e-07_r1e-8_p500/slim_output_fasta_files/i230_2.fasta: No such file or directory
Lines   total/split/realigned/skipped:	318510/1094/0/0
REF/ALT total/modified/added:  	319605/20/23
# SC, guessed strand convention
SC	TOP-compatible	0
SC	BOT-compatible	0
# ST, substitution types
ST	A>C	26563	8.3%
ST	A>G	26575	8.3%
ST	A>T	26757	8.4%
ST	C>A	26507	8.3%
ST	C>G	26754	8.4%
ST	C>T	26555	8.3%
ST	G>A	26391	8.3%
ST	G>C	26546	8.3%
ST	G>T	26916	8.4%
ST	T>A	26454	8.3%
ST	T>C	26640	8.3%
ST	T>G	26661	8.3%
# NS, Number of sites:
NS	total        	319605
NS	ref match    	319319	100.0%
NS	ref mismatch 	0	0.0%
NS	errors       	0
NS	skipped      	286
NS	non-ACGT     	0
NS	non-SNP      	286
NS	non-biallelic	0
Failed to create /scratch/avrilh/roh_param_project/roh_inference_testing/simulated/data/01_slim/output/slim_m5e-07_r1e-8_p500/slim_output_fasta_files/i463_1.fasta: No such file or directory
Failed to create /scratch/avrilh/roh_param_project/roh_inference_testing/simulated/data/01_slim/output/slim_m5e-07_r1e-8_p500/slim_output_fasta_files/i463_2.fasta: No such file or directory
Lines   total/split/realigned/skipped:	318510/1094/0/0
REF/ALT total/modified/added:  	319605/20/23
# SC, guessed strand convention
SC	TOP-compatible	0
SC	BOT-compatible	0
# ST, substitution types
ST	A>C	26563	8.3%
ST	A>G	26575	8.3%
ST	A>T	26757	8.4%
ST	C>A	26507	8.3%
ST	C>G	26754	8.4%
ST	C>T	26555	8.3%
ST	G>A	26391	8.3%
ST	G>C	26546	8.3%
ST	G>T	26916	8.4%
ST	T>A	26454	8.3%
ST	T>C	26640	8.3%
ST	T>G	26661	8.3%
# NS, Number of sites:
NS	total        	319605
NS	ref match    	319319	100.0%
NS	ref mismatch 	0	0.0%
NS	errors       	0
NS	skipped      	286
NS	non-ACGT     	0
NS	non-SNP      	286
NS	non-biallelic	0
Failed to create /scratch/avrilh/roh_param_project/roh_inference_testing/simulated/data/01_slim/output/slim_m5e-07_r1e-8_p500/slim_output_fasta_files/i317_1.fasta: No such file or directory
Failed to create /scratch/avrilh/roh_param_project/roh_inference_testing/simulated/data/01_slim/output/slim_m5e-07_r1e-8_p500/slim_output_fasta_files/i317_2.fasta: No such file or directory
Lines   total/split/realigned/skipped:	318510/1094/0/0
REF/ALT total/modified/added:  	319605/20/23
# SC, guessed strand convention
SC	TOP-compatible	0
SC	BOT-compatible	0
# ST, substitution types
ST	A>C	26563	8.3%
ST	A>G	26575	8.3%
ST	A>T	26757	8.4%
ST	C>A	26507	8.3%
ST	C>G	26754	8.4%
ST	C>T	26555	8.3%
ST	G>A	26391	8.3%
ST	G>C	26546	8.3%
ST	G>T	26916	8.4%
ST	T>A	26454	8.3%
ST	T>C	26640	8.3%
ST	T>G	26661	8.3%
# NS, Number of sites:
NS	total        	319605
NS	ref match    	319319	100.0%
NS	ref mismatch 	0	0.0%
NS	errors       	0
NS	skipped      	286
NS	non-ACGT     	0
NS	non-SNP      	286
NS	non-biallelic	0
Failed to create /scratch/avrilh/roh_param_project/roh_inference_testing/simulated/data/01_slim/output/slim_m5e-07_r1e-8_p500/slim_output_fasta_files/i355_1.fasta: No such file or directory
Failed to create /scratch/avrilh/roh_param_project/roh_inference_testing/simulated/data/01_slim/output/slim_m5e-07_r1e-8_p500/slim_output_fasta_files/i355_2.fasta: No such file or directory
Lines   total/split/realigned/skipped:	318510/1094/0/0
REF/ALT total/modified/added:  	319605/20/23
# SC, guessed strand convention
SC	TOP-compatible	0
SC	BOT-compatible	0
# ST, substitution types
ST	A>C	26563	8.3%
ST	A>G	26575	8.3%
ST	A>T	26757	8.4%
ST	C>A	26507	8.3%
ST	C>G	26754	8.4%
ST	C>T	26555	8.3%
ST	G>A	26391	8.3%
ST	G>C	26546	8.3%
ST	G>T	26916	8.4%
ST	T>A	26454	8.3%
ST	T>C	26640	8.3%
ST	T>G	26661	8.3%
# NS, Number of sites:
NS	total        	319605
NS	ref match    	319319	100.0%
NS	ref mismatch 	0	0.0%
NS	errors       	0
NS	skipped      	286
NS	non-ACGT     	0
NS	non-SNP      	286
NS	non-biallelic	0
Failed to create /scratch/avrilh/roh_param_project/roh_inference_testing/simulated/data/01_slim/output/slim_m5e-07_r1e-8_p500/slim_output_fasta_files/i438_1.fasta: No such file or directory
Failed to create /scratch/avrilh/roh_param_project/roh_inference_testing/simulated/data/01_slim/output/slim_m5e-07_r1e-8_p500/slim_output_fasta_files/i438_2.fasta: No such file or directory
Lines   total/split/realigned/skipped:	318510/1094/0/0
REF/ALT total/modified/added:  	319605/20/23
# SC, guessed strand convention
SC	TOP-compatible	0
SC	BOT-compatible	0
# ST, substitution types
ST	A>C	26563	8.3%
ST	A>G	26575	8.3%
ST	A>T	26757	8.4%
ST	C>A	26507	8.3%
ST	C>G	26754	8.4%
ST	C>T	26555	8.3%
ST	G>A	26391	8.3%
ST	G>C	26546	8.3%
ST	G>T	26916	8.4%
ST	T>A	26454	8.3%
ST	T>C	26640	8.3%
ST	T>G	26661	8.3%
# NS, Number of sites:
NS	total        	319605
NS	ref match    	319319	100.0%
NS	ref mismatch 	0	0.0%
NS	errors       	0
NS	skipped      	286
NS	non-ACGT     	0
NS	non-SNP      	286
NS	non-biallelic	0
Failed to create /scratch/avrilh/roh_param_project/roh_inference_testing/simulated/data/01_slim/output/slim_m5e-07_r1e-8_p500/slim_output_fasta_files/i77_1.fasta: No such file or directory
Failed to create /scratch/avrilh/roh_param_project/roh_inference_testing/simulated/data/01_slim/output/slim_m5e-07_r1e-8_p500/slim_output_fasta_files/i77_2.fasta: No such file or directory
Lines   total/split/realigned/skipped:	318510/1094/0/0
REF/ALT total/modified/added:  	319605/20/23
# SC, guessed strand convention
SC	TOP-compatible	0
SC	BOT-compatible	0
# ST, substitution types
ST	A>C	26563	8.3%
ST	A>G	26575	8.3%
ST	A>T	26757	8.4%
ST	C>A	26507	8.3%
ST	C>G	26754	8.4%
ST	C>T	26555	8.3%
ST	G>A	26391	8.3%
ST	G>C	26546	8.3%
ST	G>T	26916	8.4%
ST	T>A	26454	8.3%
ST	T>C	26640	8.3%
ST	T>G	26661	8.3%
# NS, Number of sites:
NS	total        	319605
NS	ref match    	319319	100.0%
NS	ref mismatch 	0	0.0%
NS	errors       	0
NS	skipped      	286
NS	non-ACGT     	0
NS	non-SNP      	286
NS	non-biallelic	0
Failed to create /scratch/avrilh/roh_param_project/roh_inference_testing/simulated/data/01_slim/output/slim_m5e-07_r1e-8_p500/slim_output_fasta_files/i359_1.fasta: No such file or directory
Failed to create /scratch/avrilh/roh_param_project/roh_inference_testing/simulated/data/01_slim/output/slim_m5e-07_r1e-8_p500/slim_output_fasta_files/i359_2.fasta: No such file or directory
Lines   total/split/realigned/skipped:	318510/1094/0/0
REF/ALT total/modified/added:  	319605/20/23
# SC, guessed strand convention
SC	TOP-compatible	0
SC	BOT-compatible	0
# ST, substitution types
ST	A>C	26563	8.3%
ST	A>G	26575	8.3%
ST	A>T	26757	8.4%
ST	C>A	26507	8.3%
ST	C>G	26754	8.4%
ST	C>T	26555	8.3%
ST	G>A	26391	8.3%
ST	G>C	26546	8.3%
ST	G>T	26916	8.4%
ST	T>A	26454	8.3%
ST	T>C	26640	8.3%
ST	T>G	26661	8.3%
# NS, Number of sites:
NS	total        	319605
NS	ref match    	319319	100.0%
NS	ref mismatch 	0	0.0%
NS	errors       	0
NS	skipped      	286
NS	non-ACGT     	0
NS	non-SNP      	286
NS	non-biallelic	0
Failed to create /scratch/avrilh/roh_param_project/roh_inference_testing/simulated/data/01_slim/output/slim_m5e-07_r1e-8_p500/slim_output_fasta_files/i444_1.fasta: No such file or directory
Failed to create /scratch/avrilh/roh_param_project/roh_inference_testing/simulated/data/01_slim/output/slim_m5e-07_r1e-8_p500/slim_output_fasta_files/i444_2.fasta: No such file or directory
Lines   total/split/realigned/skipped:	318510/1094/0/0
REF/ALT total/modified/added:  	319605/20/23
# SC, guessed strand convention
SC	TOP-compatible	0
SC	BOT-compatible	0
# ST, substitution types
ST	A>C	26563	8.3%
ST	A>G	26575	8.3%
ST	A>T	26757	8.4%
ST	C>A	26507	8.3%
ST	C>G	26754	8.4%
ST	C>T	26555	8.3%
ST	G>A	26391	8.3%
ST	G>C	26546	8.3%
ST	G>T	26916	8.4%
ST	T>A	26454	8.3%
ST	T>C	26640	8.3%
ST	T>G	26661	8.3%
# NS, Number of sites:
NS	total        	319605
NS	ref match    	319319	100.0%
NS	ref mismatch 	0	0.0%
NS	errors       	0
NS	skipped      	286
NS	non-ACGT     	0
NS	non-SNP      	286
NS	non-biallelic	0
Failed to create /scratch/avrilh/roh_param_project/roh_inference_testing/simulated/data/01_slim/output/slim_m5e-07_r1e-8_p500/slim_output_fasta_files/i49_1.fasta: No such file or directory
Failed to create /scratch/avrilh/roh_param_project/roh_inference_testing/simulated/data/01_slim/output/slim_m5e-07_r1e-8_p500/slim_output_fasta_files/i49_2.fasta: No such file or directory
Lines   total/split/realigned/skipped:	318510/1094/0/0
REF/ALT total/modified/added:  	319605/20/23
# SC, guessed strand convention
SC	TOP-compatible	0
SC	BOT-compatible	0
# ST, substitution types
ST	A>C	26563	8.3%
ST	A>G	26575	8.3%
ST	A>T	26757	8.4%
ST	C>A	26507	8.3%
ST	C>G	26754	8.4%
ST	C>T	26555	8.3%
ST	G>A	26391	8.3%
ST	G>C	26546	8.3%
ST	G>T	26916	8.4%
ST	T>A	26454	8.3%
ST	T>C	26640	8.3%
ST	T>G	26661	8.3%
# NS, Number of sites:
NS	total        	319605
NS	ref match    	319319	100.0%
NS	ref mismatch 	0	0.0%
NS	errors       	0
NS	skipped      	286
NS	non-ACGT     	0
NS	non-SNP      	286
NS	non-biallelic	0
Failed to create /scratch/avrilh/roh_param_project/roh_inference_testing/simulated/data/01_slim/output/slim_m5e-07_r1e-8_p500/slim_output_fasta_files/i197_1.fasta: No such file or directory
Failed to create /scratch/avrilh/roh_param_project/roh_inference_testing/simulated/data/01_slim/output/slim_m5e-07_r1e-8_p500/slim_output_fasta_files/i197_2.fasta: No such file or directory
Lines   total/split/realigned/skipped:	318510/1094/0/0
REF/ALT total/modified/added:  	319605/20/23
# SC, guessed strand convention
SC	TOP-compatible	0
SC	BOT-compatible	0
# ST, substitution types
ST	A>C	26563	8.3%
ST	A>G	26575	8.3%
ST	A>T	26757	8.4%
ST	C>A	26507	8.3%
ST	C>G	26754	8.4%
ST	C>T	26555	8.3%
ST	G>A	26391	8.3%
ST	G>C	26546	8.3%
ST	G>T	26916	8.4%
ST	T>A	26454	8.3%
ST	T>C	26640	8.3%
ST	T>G	26661	8.3%
# NS, Number of sites:
NS	total        	319605
NS	ref match    	319319	100.0%
NS	ref mismatch 	0	0.0%
NS	errors       	0
NS	skipped      	286
NS	non-ACGT     	0
NS	non-SNP      	286
NS	non-biallelic	0
Failed to create /scratch/avrilh/roh_param_project/roh_inference_testing/simulated/data/01_slim/output/slim_m5e-07_r1e-8_p500/slim_output_fasta_files/i160_1.fasta: No such file or directory
Failed to create /scratch/avrilh/roh_param_project/roh_inference_testing/simulated/data/01_slim/output/slim_m5e-07_r1e-8_p500/slim_output_fasta_files/i160_2.fasta: No such file or directory
Lines   total/split/realigned/skipped:	318510/1094/0/0
REF/ALT total/modified/added:  	319605/20/23
# SC, guessed strand convention
SC	TOP-compatible	0
SC	BOT-compatible	0
# ST, substitution types
ST	A>C	26563	8.3%
ST	A>G	26575	8.3%
ST	A>T	26757	8.4%
ST	C>A	26507	8.3%
ST	C>G	26754	8.4%
ST	C>T	26555	8.3%
ST	G>A	26391	8.3%
ST	G>C	26546	8.3%
ST	G>T	26916	8.4%
ST	T>A	26454	8.3%
ST	T>C	26640	8.3%
ST	T>G	26661	8.3%
# NS, Number of sites:
NS	total        	319605
NS	ref match    	319319	100.0%
NS	ref mismatch 	0	0.0%
NS	errors       	0
NS	skipped      	286
NS	non-ACGT     	0
NS	non-SNP      	286
NS	non-biallelic	0
Failed to create /scratch/avrilh/roh_param_project/roh_inference_testing/simulated/data/01_slim/output/slim_m5e-07_r1e-8_p500/slim_output_fasta_files/i386_1.fasta: No such file or directory
Failed to create /scratch/avrilh/roh_param_project/roh_inference_testing/simulated/data/01_slim/output/slim_m5e-07_r1e-8_p500/slim_output_fasta_files/i386_2.fasta: No such file or directory
Lines   total/split/realigned/skipped:	318510/1094/0/0
REF/ALT total/modified/added:  	319605/20/23
# SC, guessed strand convention
SC	TOP-compatible	0
SC	BOT-compatible	0
# ST, substitution types
ST	A>C	26563	8.3%
ST	A>G	26575	8.3%
ST	A>T	26757	8.4%
ST	C>A	26507	8.3%
ST	C>G	26754	8.4%
ST	C>T	26555	8.3%
ST	G>A	26391	8.3%
ST	G>C	26546	8.3%
ST	G>T	26916	8.4%
ST	T>A	26454	8.3%
ST	T>C	26640	8.3%
ST	T>G	26661	8.3%
# NS, Number of sites:
NS	total        	319605
NS	ref match    	319319	100.0%
NS	ref mismatch 	0	0.0%
NS	errors       	0
NS	skipped      	286
NS	non-ACGT     	0
NS	non-SNP      	286
NS	non-biallelic	0
Failed to create /scratch/avrilh/roh_param_project/roh_inference_testing/simulated/data/01_slim/output/slim_m5e-07_r1e-8_p500/slim_output_fasta_files/i127_1.fasta: No such file or directory
Failed to create /scratch/avrilh/roh_param_project/roh_inference_testing/simulated/data/01_slim/output/slim_m5e-07_r1e-8_p500/slim_output_fasta_files/i127_2.fasta: No such file or directory
Lines   total/split/realigned/skipped:	318510/1094/0/0
REF/ALT total/modified/added:  	319605/20/23
# SC, guessed strand convention
SC	TOP-compatible	0
SC	BOT-compatible	0
# ST, substitution types
ST	A>C	26563	8.3%
ST	A>G	26575	8.3%
ST	A>T	26757	8.4%
ST	C>A	26507	8.3%
ST	C>G	26754	8.4%
ST	C>T	26555	8.3%
ST	G>A	26391	8.3%
ST	G>C	26546	8.3%
ST	G>T	26916	8.4%
ST	T>A	26454	8.3%
ST	T>C	26640	8.3%
ST	T>G	26661	8.3%
# NS, Number of sites:
NS	total        	319605
NS	ref match    	319319	100.0%
NS	ref mismatch 	0	0.0%
NS	errors       	0
NS	skipped      	286
NS	non-ACGT     	0
NS	non-SNP      	286
NS	non-biallelic	0
Failed to create /scratch/avrilh/roh_param_project/roh_inference_testing/simulated/data/01_slim/output/slim_m5e-07_r1e-8_p500/slim_output_fasta_files/i61_1.fasta: No such file or directory
Failed to create /scratch/avrilh/roh_param_project/roh_inference_testing/simulated/data/01_slim/output/slim_m5e-07_r1e-8_p500/slim_output_fasta_files/i61_2.fasta: No such file or directory
Lines   total/split/realigned/skipped:	318510/1094/0/0
REF/ALT total/modified/added:  	319605/20/23
# SC, guessed strand convention
SC	TOP-compatible	0
SC	BOT-compatible	0
# ST, substitution types
ST	A>C	26563	8.3%
ST	A>G	26575	8.3%
ST	A>T	26757	8.4%
ST	C>A	26507	8.3%
ST	C>G	26754	8.4%
ST	C>T	26555	8.3%
ST	G>A	26391	8.3%
ST	G>C	26546	8.3%
ST	G>T	26916	8.4%
ST	T>A	26454	8.3%
ST	T>C	26640	8.3%
ST	T>G	26661	8.3%
# NS, Number of sites:
NS	total        	319605
NS	ref match    	319319	100.0%
NS	ref mismatch 	0	0.0%
NS	errors       	0
NS	skipped      	286
NS	non-ACGT     	0
NS	non-SNP      	286
NS	non-biallelic	0
Failed to create /scratch/avrilh/roh_param_project/roh_inference_testing/simulated/data/01_slim/output/slim_m5e-07_r1e-8_p500/slim_output_fasta_files/i214_1.fasta: No such file or directory
Failed to create /scratch/avrilh/roh_param_project/roh_inference_testing/simulated/data/01_slim/output/slim_m5e-07_r1e-8_p500/slim_output_fasta_files/i214_2.fasta: No such file or directory
Lines   total/split/realigned/skipped:	318510/1094/0/0
REF/ALT total/modified/added:  	319605/20/23
# SC, guessed strand convention
SC	TOP-compatible	0
SC	BOT-compatible	0
# ST, substitution types
ST	A>C	26563	8.3%
ST	A>G	26575	8.3%
ST	A>T	26757	8.4%
ST	C>A	26507	8.3%
ST	C>G	26754	8.4%
ST	C>T	26555	8.3%
ST	G>A	26391	8.3%
ST	G>C	26546	8.3%
ST	G>T	26916	8.4%
ST	T>A	26454	8.3%
ST	T>C	26640	8.3%
ST	T>G	26661	8.3%
# NS, Number of sites:
NS	total        	319605
NS	ref match    	319319	100.0%
NS	ref mismatch 	0	0.0%
NS	errors       	0
NS	skipped      	286
NS	non-ACGT     	0
NS	non-SNP      	286
NS	non-biallelic	0
Failed to create /scratch/avrilh/roh_param_project/roh_inference_testing/simulated/data/01_slim/output/slim_m5e-07_r1e-8_p500/slim_output_fasta_files/i219_1.fasta: No such file or directory
Failed to create /scratch/avrilh/roh_param_project/roh_inference_testing/simulated/data/01_slim/output/slim_m5e-07_r1e-8_p500/slim_output_fasta_files/i219_2.fasta: No such file or directory
Lines   total/split/realigned/skipped:	318510/1094/0/0
REF/ALT total/modified/added:  	319605/20/23
# SC, guessed strand convention
SC	TOP-compatible	0
SC	BOT-compatible	0
# ST, substitution types
ST	A>C	26563	8.3%
ST	A>G	26575	8.3%
ST	A>T	26757	8.4%
ST	C>A	26507	8.3%
ST	C>G	26754	8.4%
ST	C>T	26555	8.3%
ST	G>A	26391	8.3%
ST	G>C	26546	8.3%
ST	G>T	26916	8.4%
ST	T>A	26454	8.3%
ST	T>C	26640	8.3%
ST	T>G	26661	8.3%
# NS, Number of sites:
NS	total        	319605
NS	ref match    	319319	100.0%
NS	ref mismatch 	0	0.0%
NS	errors       	0
NS	skipped      	286
NS	non-ACGT     	0
NS	non-SNP      	286
NS	non-biallelic	0
Failed to create /scratch/avrilh/roh_param_project/roh_inference_testing/simulated/data/01_slim/output/slim_m5e-07_r1e-8_p500/slim_output_fasta_files/i378_1.fasta: No such file or directory
Failed to create /scratch/avrilh/roh_param_project/roh_inference_testing/simulated/data/01_slim/output/slim_m5e-07_r1e-8_p500/slim_output_fasta_files/i378_2.fasta: No such file or directory
Lines   total/split/realigned/skipped:	318510/1094/0/0
REF/ALT total/modified/added:  	319605/20/23
# SC, guessed strand convention
SC	TOP-compatible	0
SC	BOT-compatible	0
# ST, substitution types
ST	A>C	26563	8.3%
ST	A>G	26575	8.3%
ST	A>T	26757	8.4%
ST	C>A	26507	8.3%
ST	C>G	26754	8.4%
ST	C>T	26555	8.3%
ST	G>A	26391	8.3%
ST	G>C	26546	8.3%
ST	G>T	26916	8.4%
ST	T>A	26454	8.3%
ST	T>C	26640	8.3%
ST	T>G	26661	8.3%
# NS, Number of sites:
NS	total        	319605
NS	ref match    	319319	100.0%
NS	ref mismatch 	0	0.0%
NS	errors       	0
NS	skipped      	286
NS	non-ACGT     	0
NS	non-SNP      	286
NS	non-biallelic	0
Failed to create /scratch/avrilh/roh_param_project/roh_inference_testing/simulated/data/01_slim/output/slim_m5e-07_r1e-8_p500/slim_output_fasta_files/i149_1.fasta: No such file or directory
Failed to create /scratch/avrilh/roh_param_project/roh_inference_testing/simulated/data/01_slim/output/slim_m5e-07_r1e-8_p500/slim_output_fasta_files/i149_2.fasta: No such file or directory
Lines   total/split/realigned/skipped:	318510/1094/0/0
REF/ALT total/modified/added:  	319605/20/23
# SC, guessed strand convention
SC	TOP-compatible	0
SC	BOT-compatible	0
# ST, substitution types
ST	A>C	26563	8.3%
ST	A>G	26575	8.3%
ST	A>T	26757	8.4%
ST	C>A	26507	8.3%
ST	C>G	26754	8.4%
ST	C>T	26555	8.3%
ST	G>A	26391	8.3%
ST	G>C	26546	8.3%
ST	G>T	26916	8.4%
ST	T>A	26454	8.3%
ST	T>C	26640	8.3%
ST	T>G	26661	8.3%
# NS, Number of sites:
NS	total        	319605
NS	ref match    	319319	100.0%
NS	ref mismatch 	0	0.0%
NS	errors       	0
NS	skipped      	286
NS	non-ACGT     	0
NS	non-SNP      	286
NS	non-biallelic	0
Failed to create /scratch/avrilh/roh_param_project/roh_inference_testing/simulated/data/01_slim/output/slim_m5e-07_r1e-8_p500/slim_output_fasta_files/i222_1.fasta: No such file or directory
Failed to create /scratch/avrilh/roh_param_project/roh_inference_testing/simulated/data/01_slim/output/slim_m5e-07_r1e-8_p500/slim_output_fasta_files/i222_2.fasta: No such file or directory
Lines   total/split/realigned/skipped:	318510/1094/0/0
REF/ALT total/modified/added:  	319605/20/23
# SC, guessed strand convention
SC	TOP-compatible	0
SC	BOT-compatible	0
# ST, substitution types
ST	A>C	26563	8.3%
ST	A>G	26575	8.3%
ST	A>T	26757	8.4%
ST	C>A	26507	8.3%
ST	C>G	26754	8.4%
ST	C>T	26555	8.3%
ST	G>A	26391	8.3%
ST	G>C	26546	8.3%
ST	G>T	26916	8.4%
ST	T>A	26454	8.3%
ST	T>C	26640	8.3%
ST	T>G	26661	8.3%
# NS, Number of sites:
NS	total        	319605
NS	ref match    	319319	100.0%
NS	ref mismatch 	0	0.0%
NS	errors       	0
NS	skipped      	286
NS	non-ACGT     	0
NS	non-SNP      	286
NS	non-biallelic	0
Failed to create /scratch/avrilh/roh_param_project/roh_inference_testing/simulated/data/01_slim/output/slim_m5e-07_r1e-8_p500/slim_output_fasta_files/i21_1.fasta: No such file or directory
Failed to create /scratch/avrilh/roh_param_project/roh_inference_testing/simulated/data/01_slim/output/slim_m5e-07_r1e-8_p500/slim_output_fasta_files/i21_2.fasta: No such file or directory
Lines   total/split/realigned/skipped:	318510/1094/0/0
REF/ALT total/modified/added:  	319605/20/23
# SC, guessed strand convention
SC	TOP-compatible	0
SC	BOT-compatible	0
# ST, substitution types
ST	A>C	26563	8.3%
ST	A>G	26575	8.3%
ST	A>T	26757	8.4%
ST	C>A	26507	8.3%
ST	C>G	26754	8.4%
ST	C>T	26555	8.3%
ST	G>A	26391	8.3%
ST	G>C	26546	8.3%
ST	G>T	26916	8.4%
ST	T>A	26454	8.3%
ST	T>C	26640	8.3%
ST	T>G	26661	8.3%
# NS, Number of sites:
NS	total        	319605
NS	ref match    	319319	100.0%
NS	ref mismatch 	0	0.0%
NS	errors       	0
NS	skipped      	286
NS	non-ACGT     	0
NS	non-SNP      	286
NS	non-biallelic	0
Failed to create /scratch/avrilh/roh_param_project/roh_inference_testing/simulated/data/01_slim/output/slim_m5e-07_r1e-8_p500/slim_output_fasta_files/i208_1.fasta: No such file or directory
Failed to create /scratch/avrilh/roh_param_project/roh_inference_testing/simulated/data/01_slim/output/slim_m5e-07_r1e-8_p500/slim_output_fasta_files/i208_2.fasta: No such file or directory
Lines   total/split/realigned/skipped:	318510/1094/0/0
REF/ALT total/modified/added:  	319605/20/23
# SC, guessed strand convention
SC	TOP-compatible	0
SC	BOT-compatible	0
# ST, substitution types
ST	A>C	26563	8.3%
ST	A>G	26575	8.3%
ST	A>T	26757	8.4%
ST	C>A	26507	8.3%
ST	C>G	26754	8.4%
ST	C>T	26555	8.3%
ST	G>A	26391	8.3%
ST	G>C	26546	8.3%
ST	G>T	26916	8.4%
ST	T>A	26454	8.3%
ST	T>C	26640	8.3%
ST	T>G	26661	8.3%
# NS, Number of sites:
NS	total        	319605
NS	ref match    	319319	100.0%
NS	ref mismatch 	0	0.0%
NS	errors       	0
NS	skipped      	286
NS	non-ACGT     	0
NS	non-SNP      	286
NS	non-biallelic	0
Failed to create /scratch/avrilh/roh_param_project/roh_inference_testing/simulated/data/01_slim/output/slim_m5e-07_r1e-8_p500/slim_output_fasta_files/i389_1.fasta: No such file or directory
Failed to create /scratch/avrilh/roh_param_project/roh_inference_testing/simulated/data/01_slim/output/slim_m5e-07_r1e-8_p500/slim_output_fasta_files/i389_2.fasta: No such file or directory
Lines   total/split/realigned/skipped:	318510/1094/0/0
REF/ALT total/modified/added:  	319605/20/23
# SC, guessed strand convention
SC	TOP-compatible	0
SC	BOT-compatible	0
# ST, substitution types
ST	A>C	26563	8.3%
ST	A>G	26575	8.3%
ST	A>T	26757	8.4%
ST	C>A	26507	8.3%
ST	C>G	26754	8.4%
ST	C>T	26555	8.3%
ST	G>A	26391	8.3%
ST	G>C	26546	8.3%
ST	G>T	26916	8.4%
ST	T>A	26454	8.3%
ST	T>C	26640	8.3%
ST	T>G	26661	8.3%
# NS, Number of sites:
NS	total        	319605
NS	ref match    	319319	100.0%
NS	ref mismatch 	0	0.0%
NS	errors       	0
NS	skipped      	286
NS	non-ACGT     	0
NS	non-SNP      	286
NS	non-biallelic	0
Failed to create /scratch/avrilh/roh_param_project/roh_inference_testing/simulated/data/01_slim/output/slim_m5e-07_r1e-8_p500/slim_output_fasta_files/i388_1.fasta: No such file or directory
Failed to create /scratch/avrilh/roh_param_project/roh_inference_testing/simulated/data/01_slim/output/slim_m5e-07_r1e-8_p500/slim_output_fasta_files/i388_2.fasta: No such file or directory
Lines   total/split/realigned/skipped:	318510/1094/0/0
REF/ALT total/modified/added:  	319605/20/23
# SC, guessed strand convention
SC	TOP-compatible	0
SC	BOT-compatible	0
# ST, substitution types
ST	A>C	26563	8.3%
ST	A>G	26575	8.3%
ST	A>T	26757	8.4%
ST	C>A	26507	8.3%
ST	C>G	26754	8.4%
ST	C>T	26555	8.3%
ST	G>A	26391	8.3%
ST	G>C	26546	8.3%
ST	G>T	26916	8.4%
ST	T>A	26454	8.3%
ST	T>C	26640	8.3%
ST	T>G	26661	8.3%
# NS, Number of sites:
NS	total        	319605
NS	ref match    	319319	100.0%
NS	ref mismatch 	0	0.0%
NS	errors       	0
NS	skipped      	286
NS	non-ACGT     	0
NS	non-SNP      	286
NS	non-biallelic	0
Failed to create /scratch/avrilh/roh_param_project/roh_inference_testing/simulated/data/01_slim/output/slim_m5e-07_r1e-8_p500/slim_output_fasta_files/i48_1.fasta: No such file or directory
Failed to create /scratch/avrilh/roh_param_project/roh_inference_testing/simulated/data/01_slim/output/slim_m5e-07_r1e-8_p500/slim_output_fasta_files/i48_2.fasta: No such file or directory
Lines   total/split/realigned/skipped:	318510/1094/0/0
REF/ALT total/modified/added:  	319605/20/23
# SC, guessed strand convention
SC	TOP-compatible	0
SC	BOT-compatible	0
# ST, substitution types
ST	A>C	26563	8.3%
ST	A>G	26575	8.3%
ST	A>T	26757	8.4%
ST	C>A	26507	8.3%
ST	C>G	26754	8.4%
ST	C>T	26555	8.3%
ST	G>A	26391	8.3%
ST	G>C	26546	8.3%
ST	G>T	26916	8.4%
ST	T>A	26454	8.3%
ST	T>C	26640	8.3%
ST	T>G	26661	8.3%
# NS, Number of sites:
NS	total        	319605
NS	ref match    	319319	100.0%
NS	ref mismatch 	0	0.0%
NS	errors       	0
NS	skipped      	286
NS	non-ACGT     	0
NS	non-SNP      	286
NS	non-biallelic	0
Failed to create /scratch/avrilh/roh_param_project/roh_inference_testing/simulated/data/01_slim/output/slim_m5e-07_r1e-8_p500/slim_output_fasta_files/i361_1.fasta: No such file or directory
Failed to create /scratch/avrilh/roh_param_project/roh_inference_testing/simulated/data/01_slim/output/slim_m5e-07_r1e-8_p500/slim_output_fasta_files/i361_2.fasta: No such file or directory
Lines   total/split/realigned/skipped:	318510/1094/0/0
REF/ALT total/modified/added:  	319605/20/23
# SC, guessed strand convention
SC	TOP-compatible	0
SC	BOT-compatible	0
# ST, substitution types
ST	A>C	26563	8.3%
ST	A>G	26575	8.3%
ST	A>T	26757	8.4%
ST	C>A	26507	8.3%
ST	C>G	26754	8.4%
ST	C>T	26555	8.3%
ST	G>A	26391	8.3%
ST	G>C	26546	8.3%
ST	G>T	26916	8.4%
ST	T>A	26454	8.3%
ST	T>C	26640	8.3%
ST	T>G	26661	8.3%
# NS, Number of sites:
NS	total        	319605
NS	ref match    	319319	100.0%
NS	ref mismatch 	0	0.0%
NS	errors       	0
NS	skipped      	286
NS	non-ACGT     	0
NS	non-SNP      	286
NS	non-biallelic	0
Failed to create /scratch/avrilh/roh_param_project/roh_inference_testing/simulated/data/01_slim/output/slim_m5e-07_r1e-8_p500/slim_output_fasta_files/i380_1.fasta: No such file or directory
Failed to create /scratch/avrilh/roh_param_project/roh_inference_testing/simulated/data/01_slim/output/slim_m5e-07_r1e-8_p500/slim_output_fasta_files/i380_2.fasta: No such file or directory
Lines   total/split/realigned/skipped:	318510/1094/0/0
REF/ALT total/modified/added:  	319605/20/23
# SC, guessed strand convention
SC	TOP-compatible	0
SC	BOT-compatible	0
# ST, substitution types
ST	A>C	26563	8.3%
ST	A>G	26575	8.3%
ST	A>T	26757	8.4%
ST	C>A	26507	8.3%
ST	C>G	26754	8.4%
ST	C>T	26555	8.3%
ST	G>A	26391	8.3%
ST	G>C	26546	8.3%
ST	G>T	26916	8.4%
ST	T>A	26454	8.3%
ST	T>C	26640	8.3%
ST	T>G	26661	8.3%
# NS, Number of sites:
NS	total        	319605
NS	ref match    	319319	100.0%
NS	ref mismatch 	0	0.0%
NS	errors       	0
NS	skipped      	286
NS	non-ACGT     	0
NS	non-SNP      	286
NS	non-biallelic	0
Failed to create /scratch/avrilh/roh_param_project/roh_inference_testing/simulated/data/01_slim/output/slim_m5e-07_r1e-8_p500/slim_output_fasta_files/i206_1.fasta: No such file or directory
Failed to create /scratch/avrilh/roh_param_project/roh_inference_testing/simulated/data/01_slim/output/slim_m5e-07_r1e-8_p500/slim_output_fasta_files/i206_2.fasta: No such file or directory
Lines   total/split/realigned/skipped:	318510/1094/0/0
REF/ALT total/modified/added:  	319605/20/23
# SC, guessed strand convention
SC	TOP-compatible	0
SC	BOT-compatible	0
# ST, substitution types
ST	A>C	26563	8.3%
ST	A>G	26575	8.3%
ST	A>T	26757	8.4%
ST	C>A	26507	8.3%
ST	C>G	26754	8.4%
ST	C>T	26555	8.3%
ST	G>A	26391	8.3%
ST	G>C	26546	8.3%
ST	G>T	26916	8.4%
ST	T>A	26454	8.3%
ST	T>C	26640	8.3%
ST	T>G	26661	8.3%
# NS, Number of sites:
NS	total        	319605
NS	ref match    	319319	100.0%
NS	ref mismatch 	0	0.0%
NS	errors       	0
NS	skipped      	286
NS	non-ACGT     	0
NS	non-SNP      	286
NS	non-biallelic	0
Failed to create /scratch/avrilh/roh_param_project/roh_inference_testing/simulated/data/01_slim/output/slim_m5e-07_r1e-8_p500/slim_output_fasta_files/i91_1.fasta: No such file or directory
Failed to create /scratch/avrilh/roh_param_project/roh_inference_testing/simulated/data/01_slim/output/slim_m5e-07_r1e-8_p500/slim_output_fasta_files/i91_2.fasta: No such file or directory
Lines   total/split/realigned/skipped:	318510/1094/0/0
REF/ALT total/modified/added:  	319605/20/23
# SC, guessed strand convention
SC	TOP-compatible	0
SC	BOT-compatible	0
# ST, substitution types
ST	A>C	26563	8.3%
ST	A>G	26575	8.3%
ST	A>T	26757	8.4%
ST	C>A	26507	8.3%
ST	C>G	26754	8.4%
ST	C>T	26555	8.3%
ST	G>A	26391	8.3%
ST	G>C	26546	8.3%
ST	G>T	26916	8.4%
ST	T>A	26454	8.3%
ST	T>C	26640	8.3%
ST	T>G	26661	8.3%
# NS, Number of sites:
NS	total        	319605
NS	ref match    	319319	100.0%
NS	ref mismatch 	0	0.0%
NS	errors       	0
NS	skipped      	286
NS	non-ACGT     	0
NS	non-SNP      	286
NS	non-biallelic	0
Failed to create /scratch/avrilh/roh_param_project/roh_inference_testing/simulated/data/01_slim/output/slim_m5e-07_r1e-8_p500/slim_output_fasta_files/i9_1.fasta: No such file or directory
Failed to create /scratch/avrilh/roh_param_project/roh_inference_testing/simulated/data/01_slim/output/slim_m5e-07_r1e-8_p500/slim_output_fasta_files/i9_2.fasta: No such file or directory
Lines   total/split/realigned/skipped:	318510/1094/0/0
REF/ALT total/modified/added:  	319605/20/23
# SC, guessed strand convention
SC	TOP-compatible	0
SC	BOT-compatible	0
# ST, substitution types
ST	A>C	26563	8.3%
ST	A>G	26575	8.3%
ST	A>T	26757	8.4%
ST	C>A	26507	8.3%
ST	C>G	26754	8.4%
ST	C>T	26555	8.3%
ST	G>A	26391	8.3%
ST	G>C	26546	8.3%
ST	G>T	26916	8.4%
ST	T>A	26454	8.3%
ST	T>C	26640	8.3%
ST	T>G	26661	8.3%
# NS, Number of sites:
NS	total        	319605
NS	ref match    	319319	100.0%
NS	ref mismatch 	0	0.0%
NS	errors       	0
NS	skipped      	286
NS	non-ACGT     	0
NS	non-SNP      	286
NS	non-biallelic	0
Failed to create /scratch/avrilh/roh_param_project/roh_inference_testing/simulated/data/01_slim/output/slim_m5e-07_r1e-8_p500/slim_output_fasta_files/i233_1.fasta: No such file or directory
Failed to create /scratch/avrilh/roh_param_project/roh_inference_testing/simulated/data/01_slim/output/slim_m5e-07_r1e-8_p500/slim_output_fasta_files/i233_2.fasta: No such file or directory
Lines   total/split/realigned/skipped:	318510/1094/0/0
REF/ALT total/modified/added:  	319605/20/23
# SC, guessed strand convention
SC	TOP-compatible	0
SC	BOT-compatible	0
# ST, substitution types
ST	A>C	26563	8.3%
ST	A>G	26575	8.3%
ST	A>T	26757	8.4%
ST	C>A	26507	8.3%
ST	C>G	26754	8.4%
ST	C>T	26555	8.3%
ST	G>A	26391	8.3%
ST	G>C	26546	8.3%
ST	G>T	26916	8.4%
ST	T>A	26454	8.3%
ST	T>C	26640	8.3%
ST	T>G	26661	8.3%
# NS, Number of sites:
NS	total        	319605
NS	ref match    	319319	100.0%
NS	ref mismatch 	0	0.0%
NS	errors       	0
NS	skipped      	286
NS	non-ACGT     	0
NS	non-SNP      	286
NS	non-biallelic	0
Failed to create /scratch/avrilh/roh_param_project/roh_inference_testing/simulated/data/01_slim/output/slim_m5e-07_r1e-8_p500/slim_output_fasta_files/i249_1.fasta: No such file or directory
Failed to create /scratch/avrilh/roh_param_project/roh_inference_testing/simulated/data/01_slim/output/slim_m5e-07_r1e-8_p500/slim_output_fasta_files/i249_2.fasta: No such file or directory
Lines   total/split/realigned/skipped:	318510/1094/0/0
REF/ALT total/modified/added:  	319605/20/23
# SC, guessed strand convention
SC	TOP-compatible	0
SC	BOT-compatible	0
# ST, substitution types
ST	A>C	26563	8.3%
ST	A>G	26575	8.3%
ST	A>T	26757	8.4%
ST	C>A	26507	8.3%
ST	C>G	26754	8.4%
ST	C>T	26555	8.3%
ST	G>A	26391	8.3%
ST	G>C	26546	8.3%
ST	G>T	26916	8.4%
ST	T>A	26454	8.3%
ST	T>C	26640	8.3%
ST	T>G	26661	8.3%
# NS, Number of sites:
NS	total        	319605
NS	ref match    	319319	100.0%
NS	ref mismatch 	0	0.0%
NS	errors       	0
NS	skipped      	286
NS	non-ACGT     	0
NS	non-SNP      	286
NS	non-biallelic	0
Failed to create /scratch/avrilh/roh_param_project/roh_inference_testing/simulated/data/01_slim/output/slim_m5e-07_r1e-8_p500/slim_output_fasta_files/i341_1.fasta: No such file or directory
Failed to create /scratch/avrilh/roh_param_project/roh_inference_testing/simulated/data/01_slim/output/slim_m5e-07_r1e-8_p500/slim_output_fasta_files/i341_2.fasta: No such file or directory
Lines   total/split/realigned/skipped:	318510/1094/0/0
REF/ALT total/modified/added:  	319605/20/23
# SC, guessed strand convention
SC	TOP-compatible	0
SC	BOT-compatible	0
# ST, substitution types
ST	A>C	26563	8.3%
ST	A>G	26575	8.3%
ST	A>T	26757	8.4%
ST	C>A	26507	8.3%
ST	C>G	26754	8.4%
ST	C>T	26555	8.3%
ST	G>A	26391	8.3%
ST	G>C	26546	8.3%
ST	G>T	26916	8.4%
ST	T>A	26454	8.3%
ST	T>C	26640	8.3%
ST	T>G	26661	8.3%
# NS, Number of sites:
NS	total        	319605
NS	ref match    	319319	100.0%
NS	ref mismatch 	0	0.0%
NS	errors       	0
NS	skipped      	286
NS	non-ACGT     	0
NS	non-SNP      	286
NS	non-biallelic	0
Failed to create /scratch/avrilh/roh_param_project/roh_inference_testing/simulated/data/01_slim/output/slim_m5e-07_r1e-8_p500/slim_output_fasta_files/i440_1.fasta: No such file or directory
Failed to create /scratch/avrilh/roh_param_project/roh_inference_testing/simulated/data/01_slim/output/slim_m5e-07_r1e-8_p500/slim_output_fasta_files/i440_2.fasta: No such file or directory
Lines   total/split/realigned/skipped:	318510/1094/0/0
REF/ALT total/modified/added:  	319605/20/23
# SC, guessed strand convention
SC	TOP-compatible	0
SC	BOT-compatible	0
# ST, substitution types
ST	A>C	26563	8.3%
ST	A>G	26575	8.3%
ST	A>T	26757	8.4%
ST	C>A	26507	8.3%
ST	C>G	26754	8.4%
ST	C>T	26555	8.3%
ST	G>A	26391	8.3%
ST	G>C	26546	8.3%
ST	G>T	26916	8.4%
ST	T>A	26454	8.3%
ST	T>C	26640	8.3%
ST	T>G	26661	8.3%
# NS, Number of sites:
NS	total        	319605
NS	ref match    	319319	100.0%
NS	ref mismatch 	0	0.0%
NS	errors       	0
NS	skipped      	286
NS	non-ACGT     	0
NS	non-SNP      	286
NS	non-biallelic	0
Failed to create /scratch/avrilh/roh_param_project/roh_inference_testing/simulated/data/01_slim/output/slim_m5e-07_r1e-8_p500/slim_output_fasta_files/i309_1.fasta: No such file or directory
Failed to create /scratch/avrilh/roh_param_project/roh_inference_testing/simulated/data/01_slim/output/slim_m5e-07_r1e-8_p500/slim_output_fasta_files/i309_2.fasta: No such file or directory
Lines   total/split/realigned/skipped:	318510/1094/0/0
REF/ALT total/modified/added:  	319605/20/23
# SC, guessed strand convention
SC	TOP-compatible	0
SC	BOT-compatible	0
# ST, substitution types
ST	A>C	26563	8.3%
ST	A>G	26575	8.3%
ST	A>T	26757	8.4%
ST	C>A	26507	8.3%
ST	C>G	26754	8.4%
ST	C>T	26555	8.3%
ST	G>A	26391	8.3%
ST	G>C	26546	8.3%
ST	G>T	26916	8.4%
ST	T>A	26454	8.3%
ST	T>C	26640	8.3%
ST	T>G	26661	8.3%
# NS, Number of sites:
NS	total        	319605
NS	ref match    	319319	100.0%
NS	ref mismatch 	0	0.0%
NS	errors       	0
NS	skipped      	286
NS	non-ACGT     	0
NS	non-SNP      	286
NS	non-biallelic	0
Failed to create /scratch/avrilh/roh_param_project/roh_inference_testing/simulated/data/01_slim/output/slim_m5e-07_r1e-8_p500/slim_output_fasta_files/i196_1.fasta: No such file or directory
Failed to create /scratch/avrilh/roh_param_project/roh_inference_testing/simulated/data/01_slim/output/slim_m5e-07_r1e-8_p500/slim_output_fasta_files/i196_2.fasta: No such file or directory
Lines   total/split/realigned/skipped:	318510/1094/0/0
REF/ALT total/modified/added:  	319605/20/23
# SC, guessed strand convention
SC	TOP-compatible	0
SC	BOT-compatible	0
# ST, substitution types
ST	A>C	26563	8.3%
ST	A>G	26575	8.3%
ST	A>T	26757	8.4%
ST	C>A	26507	8.3%
ST	C>G	26754	8.4%
ST	C>T	26555	8.3%
ST	G>A	26391	8.3%
ST	G>C	26546	8.3%
ST	G>T	26916	8.4%
ST	T>A	26454	8.3%
ST	T>C	26640	8.3%
ST	T>G	26661	8.3%
# NS, Number of sites:
NS	total        	319605
NS	ref match    	319319	100.0%
NS	ref mismatch 	0	0.0%
NS	errors       	0
NS	skipped      	286
NS	non-ACGT     	0
NS	non-SNP      	286
NS	non-biallelic	0
Failed to create /scratch/avrilh/roh_param_project/roh_inference_testing/simulated/data/01_slim/output/slim_m5e-07_r1e-8_p500/slim_output_fasta_files/i470_1.fasta: No such file or directory
Failed to create /scratch/avrilh/roh_param_project/roh_inference_testing/simulated/data/01_slim/output/slim_m5e-07_r1e-8_p500/slim_output_fasta_files/i470_2.fasta: No such file or directory
Lines   total/split/realigned/skipped:	318510/1094/0/0
REF/ALT total/modified/added:  	319605/20/23
# SC, guessed strand convention
SC	TOP-compatible	0
SC	BOT-compatible	0
# ST, substitution types
ST	A>C	26563	8.3%
ST	A>G	26575	8.3%
ST	A>T	26757	8.4%
ST	C>A	26507	8.3%
ST	C>G	26754	8.4%
ST	C>T	26555	8.3%
ST	G>A	26391	8.3%
ST	G>C	26546	8.3%
ST	G>T	26916	8.4%
ST	T>A	26454	8.3%
ST	T>C	26640	8.3%
ST	T>G	26661	8.3%
# NS, Number of sites:
NS	total        	319605
NS	ref match    	319319	100.0%
NS	ref mismatch 	0	0.0%
NS	errors       	0
NS	skipped      	286
NS	non-ACGT     	0
NS	non-SNP      	286
NS	non-biallelic	0
Failed to create /scratch/avrilh/roh_param_project/roh_inference_testing/simulated/data/01_slim/output/slim_m5e-07_r1e-8_p500/slim_output_fasta_files/i100_1.fasta: No such file or directory
Failed to create /scratch/avrilh/roh_param_project/roh_inference_testing/simulated/data/01_slim/output/slim_m5e-07_r1e-8_p500/slim_output_fasta_files/i100_2.fasta: No such file or directory
Lines   total/split/realigned/skipped:	318510/1094/0/0
REF/ALT total/modified/added:  	319605/20/23
# SC, guessed strand convention
SC	TOP-compatible	0
SC	BOT-compatible	0
# ST, substitution types
ST	A>C	26563	8.3%
ST	A>G	26575	8.3%
ST	A>T	26757	8.4%
ST	C>A	26507	8.3%
ST	C>G	26754	8.4%
ST	C>T	26555	8.3%
ST	G>A	26391	8.3%
ST	G>C	26546	8.3%
ST	G>T	26916	8.4%
ST	T>A	26454	8.3%
ST	T>C	26640	8.3%
ST	T>G	26661	8.3%
# NS, Number of sites:
NS	total        	319605
NS	ref match    	319319	100.0%
NS	ref mismatch 	0	0.0%
NS	errors       	0
NS	skipped      	286
NS	non-ACGT     	0
NS	non-SNP      	286
NS	non-biallelic	0
Failed to create /scratch/avrilh/roh_param_project/roh_inference_testing/simulated/data/01_slim/output/slim_m5e-07_r1e-8_p500/slim_output_fasta_files/i399_1.fasta: No such file or directory
Failed to create /scratch/avrilh/roh_param_project/roh_inference_testing/simulated/data/01_slim/output/slim_m5e-07_r1e-8_p500/slim_output_fasta_files/i399_2.fasta: No such file or directory
Lines   total/split/realigned/skipped:	318510/1094/0/0
REF/ALT total/modified/added:  	319605/20/23
# SC, guessed strand convention
SC	TOP-compatible	0
SC	BOT-compatible	0
# ST, substitution types
ST	A>C	26563	8.3%
ST	A>G	26575	8.3%
ST	A>T	26757	8.4%
ST	C>A	26507	8.3%
ST	C>G	26754	8.4%
ST	C>T	26555	8.3%
ST	G>A	26391	8.3%
ST	G>C	26546	8.3%
ST	G>T	26916	8.4%
ST	T>A	26454	8.3%
ST	T>C	26640	8.3%
ST	T>G	26661	8.3%
# NS, Number of sites:
NS	total        	319605
NS	ref match    	319319	100.0%
NS	ref mismatch 	0	0.0%
NS	errors       	0
NS	skipped      	286
NS	non-ACGT     	0
NS	non-SNP      	286
NS	non-biallelic	0
Failed to create /scratch/avrilh/roh_param_project/roh_inference_testing/simulated/data/01_slim/output/slim_m5e-07_r1e-8_p500/slim_output_fasta_files/i84_1.fasta: No such file or directory
Failed to create /scratch/avrilh/roh_param_project/roh_inference_testing/simulated/data/01_slim/output/slim_m5e-07_r1e-8_p500/slim_output_fasta_files/i84_2.fasta: No such file or directory
Lines   total/split/realigned/skipped:	318510/1094/0/0
REF/ALT total/modified/added:  	319605/20/23
# SC, guessed strand convention
SC	TOP-compatible	0
SC	BOT-compatible	0
# ST, substitution types
ST	A>C	26563	8.3%
ST	A>G	26575	8.3%
ST	A>T	26757	8.4%
ST	C>A	26507	8.3%
ST	C>G	26754	8.4%
ST	C>T	26555	8.3%
ST	G>A	26391	8.3%
ST	G>C	26546	8.3%
ST	G>T	26916	8.4%
ST	T>A	26454	8.3%
ST	T>C	26640	8.3%
ST	T>G	26661	8.3%
# NS, Number of sites:
NS	total        	319605
NS	ref match    	319319	100.0%
NS	ref mismatch 	0	0.0%
NS	errors       	0
NS	skipped      	286
NS	non-ACGT     	0
NS	non-SNP      	286
NS	non-biallelic	0
Failed to create /scratch/avrilh/roh_param_project/roh_inference_testing/simulated/data/01_slim/output/slim_m5e-07_r1e-8_p500/slim_output_fasta_files/i228_1.fasta: No such file or directory
Failed to create /scratch/avrilh/roh_param_project/roh_inference_testing/simulated/data/01_slim/output/slim_m5e-07_r1e-8_p500/slim_output_fasta_files/i228_2.fasta: No such file or directory
Lines   total/split/realigned/skipped:	318510/1094/0/0
REF/ALT total/modified/added:  	319605/20/23
# SC, guessed strand convention
SC	TOP-compatible	0
SC	BOT-compatible	0
# ST, substitution types
ST	A>C	26563	8.3%
ST	A>G	26575	8.3%
ST	A>T	26757	8.4%
ST	C>A	26507	8.3%
ST	C>G	26754	8.4%
ST	C>T	26555	8.3%
ST	G>A	26391	8.3%
ST	G>C	26546	8.3%
ST	G>T	26916	8.4%
ST	T>A	26454	8.3%
ST	T>C	26640	8.3%
ST	T>G	26661	8.3%
# NS, Number of sites:
NS	total        	319605
NS	ref match    	319319	100.0%
NS	ref mismatch 	0	0.0%
NS	errors       	0
NS	skipped      	286
NS	non-ACGT     	0
NS	non-SNP      	286
NS	non-biallelic	0
Failed to create /scratch/avrilh/roh_param_project/roh_inference_testing/simulated/data/01_slim/output/slim_m5e-07_r1e-8_p500/slim_output_fasta_files/i377_1.fasta: No such file or directory
Failed to create /scratch/avrilh/roh_param_project/roh_inference_testing/simulated/data/01_slim/output/slim_m5e-07_r1e-8_p500/slim_output_fasta_files/i377_2.fasta: No such file or directory
Lines   total/split/realigned/skipped:	318510/1094/0/0
REF/ALT total/modified/added:  	319605/20/23
# SC, guessed strand convention
SC	TOP-compatible	0
SC	BOT-compatible	0
# ST, substitution types
ST	A>C	26563	8.3%
ST	A>G	26575	8.3%
ST	A>T	26757	8.4%
ST	C>A	26507	8.3%
ST	C>G	26754	8.4%
ST	C>T	26555	8.3%
ST	G>A	26391	8.3%
ST	G>C	26546	8.3%
ST	G>T	26916	8.4%
ST	T>A	26454	8.3%
ST	T>C	26640	8.3%
ST	T>G	26661	8.3%
# NS, Number of sites:
NS	total        	319605
NS	ref match    	319319	100.0%
NS	ref mismatch 	0	0.0%
NS	errors       	0
NS	skipped      	286
NS	non-ACGT     	0
NS	non-SNP      	286
NS	non-biallelic	0
Failed to create /scratch/avrilh/roh_param_project/roh_inference_testing/simulated/data/01_slim/output/slim_m5e-07_r1e-8_p500/slim_output_fasta_files/i409_1.fasta: No such file or directory
Failed to create /scratch/avrilh/roh_param_project/roh_inference_testing/simulated/data/01_slim/output/slim_m5e-07_r1e-8_p500/slim_output_fasta_files/i409_2.fasta: No such file or directory
Lines   total/split/realigned/skipped:	318510/1094/0/0
REF/ALT total/modified/added:  	319605/20/23
# SC, guessed strand convention
SC	TOP-compatible	0
SC	BOT-compatible	0
# ST, substitution types
ST	A>C	26563	8.3%
ST	A>G	26575	8.3%
ST	A>T	26757	8.4%
ST	C>A	26507	8.3%
ST	C>G	26754	8.4%
ST	C>T	26555	8.3%
ST	G>A	26391	8.3%
ST	G>C	26546	8.3%
ST	G>T	26916	8.4%
ST	T>A	26454	8.3%
ST	T>C	26640	8.3%
ST	T>G	26661	8.3%
# NS, Number of sites:
NS	total        	319605
NS	ref match    	319319	100.0%
NS	ref mismatch 	0	0.0%
NS	errors       	0
NS	skipped      	286
NS	non-ACGT     	0
NS	non-SNP      	286
NS	non-biallelic	0
Failed to create /scratch/avrilh/roh_param_project/roh_inference_testing/simulated/data/01_slim/output/slim_m5e-07_r1e-8_p500/slim_output_fasta_files/i314_1.fasta: No such file or directory
Failed to create /scratch/avrilh/roh_param_project/roh_inference_testing/simulated/data/01_slim/output/slim_m5e-07_r1e-8_p500/slim_output_fasta_files/i314_2.fasta: No such file or directory
Lines   total/split/realigned/skipped:	318510/1094/0/0
REF/ALT total/modified/added:  	319605/20/23
# SC, guessed strand convention
SC	TOP-compatible	0
SC	BOT-compatible	0
# ST, substitution types
ST	A>C	26563	8.3%
ST	A>G	26575	8.3%
ST	A>T	26757	8.4%
ST	C>A	26507	8.3%
ST	C>G	26754	8.4%
ST	C>T	26555	8.3%
ST	G>A	26391	8.3%
ST	G>C	26546	8.3%
ST	G>T	26916	8.4%
ST	T>A	26454	8.3%
ST	T>C	26640	8.3%
ST	T>G	26661	8.3%
# NS, Number of sites:
NS	total        	319605
NS	ref match    	319319	100.0%
NS	ref mismatch 	0	0.0%
NS	errors       	0
NS	skipped      	286
NS	non-ACGT     	0
NS	non-SNP      	286
NS	non-biallelic	0
Failed to create /scratch/avrilh/roh_param_project/roh_inference_testing/simulated/data/01_slim/output/slim_m5e-07_r1e-8_p500/slim_output_fasta_files/i384_1.fasta: No such file or directory
Failed to create /scratch/avrilh/roh_param_project/roh_inference_testing/simulated/data/01_slim/output/slim_m5e-07_r1e-8_p500/slim_output_fasta_files/i384_2.fasta: No such file or directory
Lines   total/split/realigned/skipped:	318510/1094/0/0
REF/ALT total/modified/added:  	319605/20/23
# SC, guessed strand convention
SC	TOP-compatible	0
SC	BOT-compatible	0
# ST, substitution types
ST	A>C	26563	8.3%
ST	A>G	26575	8.3%
ST	A>T	26757	8.4%
ST	C>A	26507	8.3%
ST	C>G	26754	8.4%
ST	C>T	26555	8.3%
ST	G>A	26391	8.3%
ST	G>C	26546	8.3%
ST	G>T	26916	8.4%
ST	T>A	26454	8.3%
ST	T>C	26640	8.3%
ST	T>G	26661	8.3%
# NS, Number of sites:
NS	total        	319605
NS	ref match    	319319	100.0%
NS	ref mismatch 	0	0.0%
NS	errors       	0
NS	skipped      	286
NS	non-ACGT     	0
NS	non-SNP      	286
NS	non-biallelic	0
Failed to create /scratch/avrilh/roh_param_project/roh_inference_testing/simulated/data/01_slim/output/slim_m5e-07_r1e-8_p500/slim_output_fasta_files/i325_1.fasta: No such file or directory
Failed to create /scratch/avrilh/roh_param_project/roh_inference_testing/simulated/data/01_slim/output/slim_m5e-07_r1e-8_p500/slim_output_fasta_files/i325_2.fasta: No such file or directory
Lines   total/split/realigned/skipped:	318510/1094/0/0
REF/ALT total/modified/added:  	319605/20/23
# SC, guessed strand convention
SC	TOP-compatible	0
SC	BOT-compatible	0
# ST, substitution types
ST	A>C	26563	8.3%
ST	A>G	26575	8.3%
ST	A>T	26757	8.4%
ST	C>A	26507	8.3%
ST	C>G	26754	8.4%
ST	C>T	26555	8.3%
ST	G>A	26391	8.3%
ST	G>C	26546	8.3%
ST	G>T	26916	8.4%
ST	T>A	26454	8.3%
ST	T>C	26640	8.3%
ST	T>G	26661	8.3%
# NS, Number of sites:
NS	total        	319605
NS	ref match    	319319	100.0%
NS	ref mismatch 	0	0.0%
NS	errors       	0
NS	skipped      	286
NS	non-ACGT     	0
NS	non-SNP      	286
NS	non-biallelic	0
Failed to create /scratch/avrilh/roh_param_project/roh_inference_testing/simulated/data/01_slim/output/slim_m5e-07_r1e-8_p500/slim_output_fasta_files/i74_1.fasta: No such file or directory
Failed to create /scratch/avrilh/roh_param_project/roh_inference_testing/simulated/data/01_slim/output/slim_m5e-07_r1e-8_p500/slim_output_fasta_files/i74_2.fasta: No such file or directory
Lines   total/split/realigned/skipped:	318510/1094/0/0
REF/ALT total/modified/added:  	319605/20/23
# SC, guessed strand convention
SC	TOP-compatible	0
SC	BOT-compatible	0
# ST, substitution types
ST	A>C	26563	8.3%
ST	A>G	26575	8.3%
ST	A>T	26757	8.4%
ST	C>A	26507	8.3%
ST	C>G	26754	8.4%
ST	C>T	26555	8.3%
ST	G>A	26391	8.3%
ST	G>C	26546	8.3%
ST	G>T	26916	8.4%
ST	T>A	26454	8.3%
ST	T>C	26640	8.3%
ST	T>G	26661	8.3%
# NS, Number of sites:
NS	total        	319605
NS	ref match    	319319	100.0%
NS	ref mismatch 	0	0.0%
NS	errors       	0
NS	skipped      	286
NS	non-ACGT     	0
NS	non-SNP      	286
NS	non-biallelic	0
Failed to create /scratch/avrilh/roh_param_project/roh_inference_testing/simulated/data/01_slim/output/slim_m5e-07_r1e-8_p500/slim_output_fasta_files/i336_1.fasta: No such file or directory
Failed to create /scratch/avrilh/roh_param_project/roh_inference_testing/simulated/data/01_slim/output/slim_m5e-07_r1e-8_p500/slim_output_fasta_files/i336_2.fasta: No such file or directory
Lines   total/split/realigned/skipped:	318510/1094/0/0
REF/ALT total/modified/added:  	319605/20/23
# SC, guessed strand convention
SC	TOP-compatible	0
SC	BOT-compatible	0
# ST, substitution types
ST	A>C	26563	8.3%
ST	A>G	26575	8.3%
ST	A>T	26757	8.4%
ST	C>A	26507	8.3%
ST	C>G	26754	8.4%
ST	C>T	26555	8.3%
ST	G>A	26391	8.3%
ST	G>C	26546	8.3%
ST	G>T	26916	8.4%
ST	T>A	26454	8.3%
ST	T>C	26640	8.3%
ST	T>G	26661	8.3%
# NS, Number of sites:
NS	total        	319605
NS	ref match    	319319	100.0%
NS	ref mismatch 	0	0.0%
NS	errors       	0
NS	skipped      	286
NS	non-ACGT     	0
NS	non-SNP      	286
NS	non-biallelic	0
Failed to create /scratch/avrilh/roh_param_project/roh_inference_testing/simulated/data/01_slim/output/slim_m5e-07_r1e-8_p500/slim_output_fasta_files/i135_1.fasta: No such file or directory
Failed to create /scratch/avrilh/roh_param_project/roh_inference_testing/simulated/data/01_slim/output/slim_m5e-07_r1e-8_p500/slim_output_fasta_files/i135_2.fasta: No such file or directory
Lines   total/split/realigned/skipped:	318510/1094/0/0
REF/ALT total/modified/added:  	319605/20/23
# SC, guessed strand convention
SC	TOP-compatible	0
SC	BOT-compatible	0
# ST, substitution types
ST	A>C	26563	8.3%
ST	A>G	26575	8.3%
ST	A>T	26757	8.4%
ST	C>A	26507	8.3%
ST	C>G	26754	8.4%
ST	C>T	26555	8.3%
ST	G>A	26391	8.3%
ST	G>C	26546	8.3%
ST	G>T	26916	8.4%
ST	T>A	26454	8.3%
ST	T>C	26640	8.3%
ST	T>G	26661	8.3%
# NS, Number of sites:
NS	total        	319605
NS	ref match    	319319	100.0%
NS	ref mismatch 	0	0.0%
NS	errors       	0
NS	skipped      	286
NS	non-ACGT     	0
NS	non-SNP      	286
NS	non-biallelic	0
Failed to create /scratch/avrilh/roh_param_project/roh_inference_testing/simulated/data/01_slim/output/slim_m5e-07_r1e-8_p500/slim_output_fasta_files/i27_1.fasta: No such file or directory
Failed to create /scratch/avrilh/roh_param_project/roh_inference_testing/simulated/data/01_slim/output/slim_m5e-07_r1e-8_p500/slim_output_fasta_files/i27_2.fasta: No such file or directory
Lines   total/split/realigned/skipped:	318510/1094/0/0
REF/ALT total/modified/added:  	319605/20/23
# SC, guessed strand convention
SC	TOP-compatible	0
SC	BOT-compatible	0
# ST, substitution types
ST	A>C	26563	8.3%
ST	A>G	26575	8.3%
ST	A>T	26757	8.4%
ST	C>A	26507	8.3%
ST	C>G	26754	8.4%
ST	C>T	26555	8.3%
ST	G>A	26391	8.3%
ST	G>C	26546	8.3%
ST	G>T	26916	8.4%
ST	T>A	26454	8.3%
ST	T>C	26640	8.3%
ST	T>G	26661	8.3%
# NS, Number of sites:
NS	total        	319605
NS	ref match    	319319	100.0%
NS	ref mismatch 	0	0.0%
NS	errors       	0
NS	skipped      	286
NS	non-ACGT     	0
NS	non-SNP      	286
NS	non-biallelic	0
Failed to create /scratch/avrilh/roh_param_project/roh_inference_testing/simulated/data/01_slim/output/slim_m5e-07_r1e-8_p500/slim_output_fasta_files/i385_1.fasta: No such file or directory
Failed to create /scratch/avrilh/roh_param_project/roh_inference_testing/simulated/data/01_slim/output/slim_m5e-07_r1e-8_p500/slim_output_fasta_files/i385_2.fasta: No such file or directory
Lines   total/split/realigned/skipped:	318510/1094/0/0
REF/ALT total/modified/added:  	319605/20/23
# SC, guessed strand convention
SC	TOP-compatible	0
SC	BOT-compatible	0
# ST, substitution types
ST	A>C	26563	8.3%
ST	A>G	26575	8.3%
ST	A>T	26757	8.4%
ST	C>A	26507	8.3%
ST	C>G	26754	8.4%
ST	C>T	26555	8.3%
ST	G>A	26391	8.3%
ST	G>C	26546	8.3%
ST	G>T	26916	8.4%
ST	T>A	26454	8.3%
ST	T>C	26640	8.3%
ST	T>G	26661	8.3%
# NS, Number of sites:
NS	total        	319605
NS	ref match    	319319	100.0%
NS	ref mismatch 	0	0.0%
NS	errors       	0
NS	skipped      	286
NS	non-ACGT     	0
NS	non-SNP      	286
NS	non-biallelic	0
Failed to create /scratch/avrilh/roh_param_project/roh_inference_testing/simulated/data/01_slim/output/slim_m5e-07_r1e-8_p500/slim_output_fasta_files/i392_1.fasta: No such file or directory
Failed to create /scratch/avrilh/roh_param_project/roh_inference_testing/simulated/data/01_slim/output/slim_m5e-07_r1e-8_p500/slim_output_fasta_files/i392_2.fasta: No such file or directory
Lines   total/split/realigned/skipped:	318510/1094/0/0
REF/ALT total/modified/added:  	319605/20/23
# SC, guessed strand convention
SC	TOP-compatible	0
SC	BOT-compatible	0
# ST, substitution types
ST	A>C	26563	8.3%
ST	A>G	26575	8.3%
ST	A>T	26757	8.4%
ST	C>A	26507	8.3%
ST	C>G	26754	8.4%
ST	C>T	26555	8.3%
ST	G>A	26391	8.3%
ST	G>C	26546	8.3%
ST	G>T	26916	8.4%
ST	T>A	26454	8.3%
ST	T>C	26640	8.3%
ST	T>G	26661	8.3%
# NS, Number of sites:
NS	total        	319605
NS	ref match    	319319	100.0%
NS	ref mismatch 	0	0.0%
NS	errors       	0
NS	skipped      	286
NS	non-ACGT     	0
NS	non-SNP      	286
NS	non-biallelic	0
Failed to create /scratch/avrilh/roh_param_project/roh_inference_testing/simulated/data/01_slim/output/slim_m5e-07_r1e-8_p500/slim_output_fasta_files/i446_1.fasta: No such file or directory
Failed to create /scratch/avrilh/roh_param_project/roh_inference_testing/simulated/data/01_slim/output/slim_m5e-07_r1e-8_p500/slim_output_fasta_files/i446_2.fasta: No such file or directory
Lines   total/split/realigned/skipped:	318510/1094/0/0
REF/ALT total/modified/added:  	319605/20/23
# SC, guessed strand convention
SC	TOP-compatible	0
SC	BOT-compatible	0
# ST, substitution types
ST	A>C	26563	8.3%
ST	A>G	26575	8.3%
ST	A>T	26757	8.4%
ST	C>A	26507	8.3%
ST	C>G	26754	8.4%
ST	C>T	26555	8.3%
ST	G>A	26391	8.3%
ST	G>C	26546	8.3%
ST	G>T	26916	8.4%
ST	T>A	26454	8.3%
ST	T>C	26640	8.3%
ST	T>G	26661	8.3%
# NS, Number of sites:
NS	total        	319605
NS	ref match    	319319	100.0%
NS	ref mismatch 	0	0.0%
NS	errors       	0
NS	skipped      	286
NS	non-ACGT     	0
NS	non-SNP      	286
NS	non-biallelic	0
Failed to create /scratch/avrilh/roh_param_project/roh_inference_testing/simulated/data/01_slim/output/slim_m5e-07_r1e-8_p500/slim_output_fasta_files/i158_1.fasta: No such file or directory
Failed to create /scratch/avrilh/roh_param_project/roh_inference_testing/simulated/data/01_slim/output/slim_m5e-07_r1e-8_p500/slim_output_fasta_files/i158_2.fasta: No such file or directory
Lines   total/split/realigned/skipped:	318510/1094/0/0
REF/ALT total/modified/added:  	319605/20/23
# SC, guessed strand convention
SC	TOP-compatible	0
SC	BOT-compatible	0
# ST, substitution types
ST	A>C	26563	8.3%
ST	A>G	26575	8.3%
ST	A>T	26757	8.4%
ST	C>A	26507	8.3%
ST	C>G	26754	8.4%
ST	C>T	26555	8.3%
ST	G>A	26391	8.3%
ST	G>C	26546	8.3%
ST	G>T	26916	8.4%
ST	T>A	26454	8.3%
ST	T>C	26640	8.3%
ST	T>G	26661	8.3%
# NS, Number of sites:
NS	total        	319605
NS	ref match    	319319	100.0%
NS	ref mismatch 	0	0.0%
NS	errors       	0
NS	skipped      	286
NS	non-ACGT     	0
NS	non-SNP      	286
NS	non-biallelic	0
Failed to create /scratch/avrilh/roh_param_project/roh_inference_testing/simulated/data/01_slim/output/slim_m5e-07_r1e-8_p500/slim_output_fasta_files/i225_1.fasta: No such file or directory
Failed to create /scratch/avrilh/roh_param_project/roh_inference_testing/simulated/data/01_slim/output/slim_m5e-07_r1e-8_p500/slim_output_fasta_files/i225_2.fasta: No such file or directory
Lines   total/split/realigned/skipped:	318510/1094/0/0
REF/ALT total/modified/added:  	319605/20/23
# SC, guessed strand convention
SC	TOP-compatible	0
SC	BOT-compatible	0
# ST, substitution types
ST	A>C	26563	8.3%
ST	A>G	26575	8.3%
ST	A>T	26757	8.4%
ST	C>A	26507	8.3%
ST	C>G	26754	8.4%
ST	C>T	26555	8.3%
ST	G>A	26391	8.3%
ST	G>C	26546	8.3%
ST	G>T	26916	8.4%
ST	T>A	26454	8.3%
ST	T>C	26640	8.3%
ST	T>G	26661	8.3%
# NS, Number of sites:
NS	total        	319605
NS	ref match    	319319	100.0%
NS	ref mismatch 	0	0.0%
NS	errors       	0
NS	skipped      	286
NS	non-ACGT     	0
NS	non-SNP      	286
NS	non-biallelic	0
Failed to create /scratch/avrilh/roh_param_project/roh_inference_testing/simulated/data/01_slim/output/slim_m5e-07_r1e-8_p500/slim_output_fasta_files/i364_1.fasta: No such file or directory
Failed to create /scratch/avrilh/roh_param_project/roh_inference_testing/simulated/data/01_slim/output/slim_m5e-07_r1e-8_p500/slim_output_fasta_files/i364_2.fasta: No such file or directory
Lines   total/split/realigned/skipped:	318510/1094/0/0
REF/ALT total/modified/added:  	319605/20/23
# SC, guessed strand convention
SC	TOP-compatible	0
SC	BOT-compatible	0
# ST, substitution types
ST	A>C	26563	8.3%
ST	A>G	26575	8.3%
ST	A>T	26757	8.4%
ST	C>A	26507	8.3%
ST	C>G	26754	8.4%
ST	C>T	26555	8.3%
ST	G>A	26391	8.3%
ST	G>C	26546	8.3%
ST	G>T	26916	8.4%
ST	T>A	26454	8.3%
ST	T>C	26640	8.3%
ST	T>G	26661	8.3%
# NS, Number of sites:
NS	total        	319605
NS	ref match    	319319	100.0%
NS	ref mismatch 	0	0.0%
NS	errors       	0
NS	skipped      	286
NS	non-ACGT     	0
NS	non-SNP      	286
NS	non-biallelic	0
Failed to create /scratch/avrilh/roh_param_project/roh_inference_testing/simulated/data/01_slim/output/slim_m5e-07_r1e-8_p500/slim_output_fasta_files/i89_1.fasta: No such file or directory
Failed to create /scratch/avrilh/roh_param_project/roh_inference_testing/simulated/data/01_slim/output/slim_m5e-07_r1e-8_p500/slim_output_fasta_files/i89_2.fasta: No such file or directory
Lines   total/split/realigned/skipped:	318510/1094/0/0
REF/ALT total/modified/added:  	319605/20/23
# SC, guessed strand convention
SC	TOP-compatible	0
SC	BOT-compatible	0
# ST, substitution types
ST	A>C	26563	8.3%
ST	A>G	26575	8.3%
ST	A>T	26757	8.4%
ST	C>A	26507	8.3%
ST	C>G	26754	8.4%
ST	C>T	26555	8.3%
ST	G>A	26391	8.3%
ST	G>C	26546	8.3%
ST	G>T	26916	8.4%
ST	T>A	26454	8.3%
ST	T>C	26640	8.3%
ST	T>G	26661	8.3%
# NS, Number of sites:
NS	total        	319605
NS	ref match    	319319	100.0%
NS	ref mismatch 	0	0.0%
NS	errors       	0
NS	skipped      	286
NS	non-ACGT     	0
NS	non-SNP      	286
NS	non-biallelic	0
Failed to create /scratch/avrilh/roh_param_project/roh_inference_testing/simulated/data/01_slim/output/slim_m5e-07_r1e-8_p500/slim_output_fasta_files/i447_1.fasta: No such file or directory
Failed to create /scratch/avrilh/roh_param_project/roh_inference_testing/simulated/data/01_slim/output/slim_m5e-07_r1e-8_p500/slim_output_fasta_files/i447_2.fasta: No such file or directory
Lines   total/split/realigned/skipped:	318510/1094/0/0
REF/ALT total/modified/added:  	319605/20/23
# SC, guessed strand convention
SC	TOP-compatible	0
SC	BOT-compatible	0
# ST, substitution types
ST	A>C	26563	8.3%
ST	A>G	26575	8.3%
ST	A>T	26757	8.4%
ST	C>A	26507	8.3%
ST	C>G	26754	8.4%
ST	C>T	26555	8.3%
ST	G>A	26391	8.3%
ST	G>C	26546	8.3%
ST	G>T	26916	8.4%
ST	T>A	26454	8.3%
ST	T>C	26640	8.3%
ST	T>G	26661	8.3%
# NS, Number of sites:
NS	total        	319605
NS	ref match    	319319	100.0%
NS	ref mismatch 	0	0.0%
NS	errors       	0
NS	skipped      	286
NS	non-ACGT     	0
NS	non-SNP      	286
NS	non-biallelic	0
Failed to create /scratch/avrilh/roh_param_project/roh_inference_testing/simulated/data/01_slim/output/slim_m5e-07_r1e-8_p500/slim_output_fasta_files/i134_1.fasta: No such file or directory
Failed to create /scratch/avrilh/roh_param_project/roh_inference_testing/simulated/data/01_slim/output/slim_m5e-07_r1e-8_p500/slim_output_fasta_files/i134_2.fasta: No such file or directory
Lines   total/split/realigned/skipped:	318510/1094/0/0
REF/ALT total/modified/added:  	319605/20/23
# SC, guessed strand convention
SC	TOP-compatible	0
SC	BOT-compatible	0
# ST, substitution types
ST	A>C	26563	8.3%
ST	A>G	26575	8.3%
ST	A>T	26757	8.4%
ST	C>A	26507	8.3%
ST	C>G	26754	8.4%
ST	C>T	26555	8.3%
ST	G>A	26391	8.3%
ST	G>C	26546	8.3%
ST	G>T	26916	8.4%
ST	T>A	26454	8.3%
ST	T>C	26640	8.3%
ST	T>G	26661	8.3%
# NS, Number of sites:
NS	total        	319605
NS	ref match    	319319	100.0%
NS	ref mismatch 	0	0.0%
NS	errors       	0
NS	skipped      	286
NS	non-ACGT     	0
NS	non-SNP      	286
NS	non-biallelic	0
Failed to create /scratch/avrilh/roh_param_project/roh_inference_testing/simulated/data/01_slim/output/slim_m5e-07_r1e-8_p500/slim_output_fasta_files/i260_1.fasta: No such file or directory
Failed to create /scratch/avrilh/roh_param_project/roh_inference_testing/simulated/data/01_slim/output/slim_m5e-07_r1e-8_p500/slim_output_fasta_files/i260_2.fasta: No such file or directory
Lines   total/split/realigned/skipped:	318510/1094/0/0
REF/ALT total/modified/added:  	319605/20/23
# SC, guessed strand convention
SC	TOP-compatible	0
SC	BOT-compatible	0
# ST, substitution types
ST	A>C	26563	8.3%
ST	A>G	26575	8.3%
ST	A>T	26757	8.4%
ST	C>A	26507	8.3%
ST	C>G	26754	8.4%
ST	C>T	26555	8.3%
ST	G>A	26391	8.3%
ST	G>C	26546	8.3%
ST	G>T	26916	8.4%
ST	T>A	26454	8.3%
ST	T>C	26640	8.3%
ST	T>G	26661	8.3%
# NS, Number of sites:
NS	total        	319605
NS	ref match    	319319	100.0%
NS	ref mismatch 	0	0.0%
NS	errors       	0
NS	skipped      	286
NS	non-ACGT     	0
NS	non-SNP      	286
NS	non-biallelic	0
Failed to create /scratch/avrilh/roh_param_project/roh_inference_testing/simulated/data/01_slim/output/slim_m5e-07_r1e-8_p500/slim_output_fasta_files/i92_1.fasta: No such file or directory
Failed to create /scratch/avrilh/roh_param_project/roh_inference_testing/simulated/data/01_slim/output/slim_m5e-07_r1e-8_p500/slim_output_fasta_files/i92_2.fasta: No such file or directory
